#
# A fatal error has been detected by the Java Runtime Environment:
#
#  Internal Error (jvmciRuntime.cpp:1609), pid=30, tid=46
#  fatal error: Fatal exception in JVMCI: Error calling jdk.vm.ci.services.Services.serializeSavedProperties
#
# JRE version: OpenJDK Runtime Environment GraalVM CE 22.3.0 (17.0.5+8) (build 17.0.5+8-jvmci-22.3-b08)
# Java VM: OpenJDK 64-Bit Server VM GraalVM CE 22.3.0 (17.0.5+8-jvmci-22.3-b08, mixed mode, sharing, tiered, jvmci, jvmci compiler, compressed oops, compressed class ptrs, parallel gc, linux-amd64)
# Problematic frame:
# V  [libjvm.so+0x972714]  JVMCIRuntime::fatal_exception(JVMCIEnv*, char const*)+0x74
#
# Core dump will be written. Default location: Core dumps may be processed with "/usr/share/apport/apport -p%p -s%s -c%c -d%d -P%P -u%u -g%g -- %E" (or dumping to /home/runner/letreco/core.30)
#
# If you would like to submit a bug report, please visit:
#   https://github.com/oracle/graal/issues
#

---------------  S U M M A R Y ------------

Command Line: -XX:ThreadPriorityPolicy=1 -XX:+UnlockExperimentalVMOptions -XX:+EnableJVMCIProduct -XX:JVMCIThreadsPerNativeLibraryRuntime=1 -XX:-UnlockExperimentalVMOptions -Declipse.application=org.eclipse.jdt.ls.core.id1 -Dosgi.bundles.defaultStartLevel=4 -Declipse.product=org.eclipse.jdt.ls.core.product -Dlog.level=ALL -Xverify:none -XX:+UseParallelGC -XX:GCTimeRatio=4 -XX:AdaptiveSizePolicyWeight=90 -Dsun.zip.disableMemoryMapping=true -Xmx512m -Xms100m /nix/store/m6gcpi1ii6rghy04cjwjddcavv7i90df-jdt-language-server-1.9.0/share/java/plugins/org.eclipse.equinox.launcher_1.6.400.v20210924-0641.jar --add-modules=ALL-SYSTEM --add-opens java.base/java.util=ALL-UNNAMED --add-opens java.base/java.lang=ALL-UNNAMED -configuration /home/runner/.cache/jdt-language-server/config -data /home/runner/.cache/jdt-language-server/data/home/runner/letreco

Host: AMD EPYC 7B12, 8 cores, 1G, Ubuntu 20.04.2 LTS
Time: Fri Jul  7 19:04:11 2023 UTC elapsed time: 421.925572 seconds (0d 0h 7m 1s)

---------------  T H R E A D  ---------------

Current thread (0x00007f68f40b21e0):  JavaThread "JVMCI-native CompilerThread0" daemon [_thread_in_vm, id=46, stack(0x00007f68d9a1a000,0x00007f68d9c1a000)]


Current CompileTask:
JVMCI-native: 421925 8888       4       java.lang.Integer::stringSize (47 bytes)

Stack: [0x00007f68d9a1a000,0x00007f68d9c1a000],  sp=0x00007f68d9c18380,  free space=2040k
Native frames: (J=compiled Java code, j=interpreted, Vv=VM code, C=native code)
V  [libjvm.so+0x972714]  JVMCIRuntime::fatal_exception(JVMCIEnv*, char const*)+0x74
V  [libjvm.so+0x93e2fe]  JVMCIEnv::copy_saved_properties()+0x14e
V  [libjvm.so+0x9732a9]  JVMCIRuntime::initialize(JVMCIEnv*)+0xb19
V  [libjvm.so+0x9738a2]  JVMCIRuntime::get_HotSpotJVMCIRuntime(JVMCIEnv*)+0x12
V  [libjvm.so+0x9749f2]  JVMCIRuntime::compile_method(JVMCIEnv*, JVMCICompiler*, methodHandle const&, int)+0xd2
V  [libjvm.so+0x5b0d20]  CompileBroker::invoke_compiler_on_method(CompileTask*)+0x1470
V  [libjvm.so+0x5b12e8]  CompileBroker::compiler_thread_loop()+0x528
V  [libjvm.so+0xd82460]  JavaThread::thread_main_inner()+0xd0
V  [libjvm.so+0xd85a40]  Thread::call_run()+0xc0
V  [libjvm.so+0xbdb1e1]  thread_native_entry(Thread*)+0xe1

Register to memory mapping:

RAX=0x00007f68f96f2000 points into unknown readable memory: 0x0000000000000058 | 58 00 00 00 00 00 00 00
RBX=0x00007f68fa7ed398: <offset 0x0000000000ef5398> in /nix/store/gpxl5qgg8kicmcvivwmybwjlpf7wh20l-graalvm17-ce-22.3.0/lib/server/libjvm.so at 0x00007f68f98f8000
RCX=0x00007f68fa7a51e8: <offset 0x0000000000ead1e8> in /nix/store/gpxl5qgg8kicmcvivwmybwjlpf7wh20l-graalvm17-ce-22.3.0/lib/server/libjvm.so at 0x00007f68f98f8000
RDX=0x0000000000000649 is an unknown value
RSP=0x00007f68d9c18380 is pointing into the stack for thread: 0x00007f68f40b21e0
RBP=0x00007f68d9c183a0 is pointing into the stack for thread: 0x00007f68f40b21e0
RSI=0x00007f68fa7edc48: <offset 0x0000000000ef5c48> in /nix/store/gpxl5qgg8kicmcvivwmybwjlpf7wh20l-graalvm17-ce-22.3.0/lib/server/libjvm.so at 0x00007f68f98f8000
RDI=0x00000000e0000000 is an oop: [B 
{0x00000000e0000000} - klass: {type array byte}
 - length: 49
R8 =0x00007f68fa7ed398: <offset 0x0000000000ef5398> in /nix/store/gpxl5qgg8kicmcvivwmybwjlpf7wh20l-graalvm17-ce-22.3.0/lib/server/libjvm.so at 0x00007f68f98f8000
R9 =0x00007f68d9c18330 is pointing into the stack for thread: 0x00007f68f40b21e0
R10=0x00007f68d9c19948 is pointing into the stack for thread: 0x00007f68f40b21e0
R11=0x0000000000000293 is an unknown value
R12=0x0 is NULL
R13=0x00007f68f40b21e0 is a thread
R14=0x00007f68f4000b80 points into unknown readable memory: 0x00007f68faa1ea38 | 38 ea a1 fa 68 7f 00 00
R15=0x00007f68fab2ce40: <offset 0x0000000001234e40> in /nix/store/gpxl5qgg8kicmcvivwmybwjlpf7wh20l-graalvm17-ce-22.3.0/lib/server/libjvm.so at 0x00007f68f98f8000


Registers:
RAX=0x00007f68f96f2000, RBX=0x00007f68fa7ed398, RCX=0x00007f68fa7a51e8, RDX=0x0000000000000649
RSP=0x00007f68d9c18380, RBP=0x00007f68d9c183a0, RSI=0x00007f68fa7edc48, RDI=0x00000000e0000000
R8 =0x00007f68fa7ed398, R9 =0x00007f68d9c18330, R10=0x00007f68d9c19948, R11=0x0000000000000293
R12=0x0000000000000000, R13=0x00007f68f40b21e0, R14=0x00007f68f4000b80, R15=0x00007f68fab2ce40
RIP=0x00007f68fa26a714, EFLAGS=0x0000000000010206, CSGSFS=0x002b000000000033, ERR=0x0000000000000006
  TRAPNO=0x000000000000000e

Top of Stack: (sp=0x00007f68d9c18380)
0x00007f68d9c18380:   00007f68d9c18940 00007f68f40b21e0
0x00007f68d9c18390:   00007f68f80838c8 0000000800c417a0
0x00007f68d9c183a0:   00007f68d9c18500 00007f68fa2362fe
0x00007f68d9c183b0:   00007f68d9c183e0 00007f68d9c18440 

Instructions: (pc=0x00007f68fa26a714)
0x00007f68fa26a614:   30 e8 f6 cf e8 ff 4c 89 e7 e8 2e 48 d1 ff 84 db
0x00007f68fa26a624:   75 2a 4d 85 ed 74 04 4d 8b 6d 00 48 83 c4 08 44
0x00007f68fa26a634:   89 f9 4c 89 f2 4c 89 ee 5b 4c 89 e7 41 5c 41 5d
0x00007f68fa26a644:   41 5e 41 5f 5d e9 e2 47 d1 ff 66 90 48 83 c4 08
0x00007f68fa26a654:   5b 41 5c 41 5d 41 5e 41 5f 5d c3 90 31 d2 be 08
0x00007f68fa26a664:   00 00 00 4c 89 ff e8 b1 78 a3 ff 49 89 c5 e9 37
0x00007f68fa26a674:   ff ff ff 66 0f 1f 84 00 00 00 00 00 48 8b 7a 08
0x00007f68fa26a684:   e9 6d ff ff ff 0f 1f 80 00 00 00 00 e8 5b 48 0a
0x00007f68fa26a694:   00 84 c0 75 89 e9 6a ff ff ff 66 90 55 48 89 e5
0x00007f68fa26a6a4:   41 56 41 55 41 54 49 89 fc 53 48 89 f3 66 48 8d
0x00007f68fa26a6b4:   3d 27 5e 85 00 66 66 48 e8 df 43 8d ff 4c 8b 28
0x00007f68fa26a6c4:   8b 05 be 72 8a 00 85 c0 75 14 ba 01 00 00 00 48
0x00007f68fa26a6d4:   8d 0d ae 72 8a 00 f0 0f b1 11 85 c0 74 4e be c8
0x00007f68fa26a6e4:   00 00 00 4c 89 ef e8 01 0b 41 00 48 8d 05 12 ac
0x00007f68fa26a6f4:   85 00 49 89 d8 48 8d 0d e8 aa 53 00 ba 49 06 00
0x00007f68fa26a704:   00 48 8d 35 3c 35 58 00 bf 00 00 00 e0 48 8b 00
0x00007f68fa26a714:   c6 00 58 31 c0 e8 e2 91 c6 ff 5b 41 5c 41 5d 41
0x00007f68fa26a724:   5e 5d e9 55 34 26 00 0f 1f 44 00 00 48 8d 05 81
0x00007f68fa26a734:   a3 8b 00 48 89 df 4c 8b 30 e8 9e 43 8d ff 48 89
0x00007f68fa26a744:   de 48 89 c2 49 8b 06 4c 89 f7 ff 50 08 4c 89 f7
0x00007f68fa26a754:   e8 a7 5c 27 00 4d 85 e4 74 12 be 01 00 00 00 4c
0x00007f68fa26a764:   89 e7 e8 35 43 fc ff eb 82 0f 1f 00 be 01 00 00
0x00007f68fa26a774:   00 4c 89 ef e8 d3 fd ff ff e9 6d ff ff ff 66 66
0x00007f68fa26a784:   2e 0f 1f 84 00 00 00 00 00 0f 1f 00 55 48 89 e5
0x00007f68fa26a794:   41 57 41 56 41 55 41 54 53 48 81 ec 08 02 00 00
0x00007f68fa26a7a4:   64 48 8b 04 25 28 00 00 00 48 89 45 c8 8b 07 83
0x00007f68fa26a7b4:   f8 02 0f 84 11 04 00 00 4c 8b 6f 18 49 89 ff 49
0x00007f68fa26a7c4:   89 f4 4d 85 ed 74 14 4c 89 ef e8 5d 57 22 00 41
0x00007f68fa26a7d4:   8b 07 83 f8 02 0f 84 19 04 00 00 48 8d 1d 9a 06
0x00007f68fa26a7e4:   8a 00 4c 8d 35 0b 3c 58 00 eb 38 90 48 85 d2 7f
0x00007f68fa26a7f4:   0d 48 8d 05 b4 c0 85 00 48 83 38 00 7e 0e 41 8b
0x00007f68fa26a804:   77 2c 4c 89 f7 31 c0 e8 a0 b2 f7 ff 49 8b 7f 18 


Stack slot to memory mapping:
stack at sp + 0 slots: 0x00007f68d9c18940 is pointing into the stack for thread: 0x00007f68f40b21e0
stack at sp + 1 slots: 0x00007f68f40b21e0 is a thread
stack at sp + 2 slots: 0x00007f68f80838c8 points into unknown readable memory: 0x65730018052dffff | ff ff 2d 05 18 00 73 65
stack at sp + 3 slots: 0x0000000800c417a0 is a pointer to class: 
jdk.vm.ci.services.Services {0x0000000800c417a0}
 - instance size:     2
 - klass size:        65
 - access:            public final synchronized 
 - state:             fully_initialized
 - name:              'jdk/vm/ci/services/Services'
 - super:             'java/lang/Object'
 - sub:               
 - arrays:            NULL
 - methods:           Array<T>(0x00007f68da440960)
 - method ordering:   Array<T>(0x0000000800928960)
 - default_methods:   Array<T>(0x0000000000000000)
 - local interfaces:  Array<T>(0x00000008005ce810)
 - trans. interfaces: Array<T>(0x00000008005ce810)
 - constants:         constant pool [427] {0x00007f68da43fa40} for 'jdk/vm/ci/services/Services' cache=0x00007f68da441c30
 - class loader data:  loader data: 0x00007f68f40283d0 of 'bootstrap'
 - source file:       'Services.java'
 - class annotations:       Array<T>(0x0000000000000000)
 - class type annotations:  Array<T>(0x0000000000000000)
 - field annotations:       Array<T>(0x0000000000000000)
 - field type annotations:  Array<T>(0x0000000000000000)
 - inner classes:     Array<T>(0x00007f68da441c00)
 - nest members:     Array<T>(0x00007f68da441c20)
 - permitted subclasses:     Array<T>(0x00000008005ce7a0)
 - java mirror:       a 'java/lang/Class'{0x00000000e017a138} = 'jdk/vm/ci/services/Services'
 - vtable length      5  (start addr: 0x0000000800c41970)
 - itable length      2 (start addr: 0x0000000800c41998)
 - ---- static fields (3 words):
 - public static final 'IS_BUILDING_NATIVE_IMAGE' 'Z' @128 
 - public static final 'IS_IN_NATIVE_IMAGE' 'Z' @129 
 - private static volatile 'savedProperties' 'Ljava/util/Map;' @112 
 - static final 'JVMCI_ENABLED' 'Z' @130 
 - private static final 'servicesCache' 'Ljava/util/Map;' @116 
 - private static final 'MAX_UNICODE_IN_UTF8_LENGTH' 'I' @120 
 - private static final 'MAX_UTF8_PROPERTY_STRING_LENGTH' 'I' @124 
 - ---- non-static fields (0 words):
 - non-static oop maps: 
stack at sp + 4 slots: 0x00007f68d9c18500 is pointing into the stack for thread: 0x00007f68f40b21e0
stack at sp + 5 slots: 0x00007f68fa2362fe: <offset 0x000000000093e2fe> in /nix/store/gpxl5qgg8kicmcvivwmybwjlpf7wh20l-graalvm17-ce-22.3.0/lib/server/libjvm.so at 0x00007f68f98f8000
stack at sp + 6 slots: 0x00007f68d9c183e0 is pointing into the stack for thread: 0x00007f68f40b21e0
stack at sp + 7 slots: 0x00007f68d9c18440 is pointing into the stack for thread: 0x00007f68f40b21e0


---------------  P R O C E S S  ---------------

Threads class SMR info:
_java_thread_list=0x00007f686418df80, length=30, elements={
0x00007f68f4026670, 0x00007f68f40a64b0, 0x00007f68f40a78f0, 0x00007f68f40ae050,
0x00007f68f40af400, 0x00007f68f40b07f0, 0x00007f68f40b21e0, 0x00007f68f40b36f0,
0x00007f68f40b4b40, 0x00007f68f40d81b0, 0x00007f68f411fc10, 0x00007f68f433c170,
0x00007f68f436fa70, 0x00007f68f4371b10, 0x00007f68f46372a0, 0x00007f6888016e80,
0x00007f68882b6d80, 0x00007f688831a750, 0x00007f687c0010d0, 0x00007f6888496c70,
0x00007f68886053c0, 0x00007f68f43a6fd0, 0x00007f68f41d3e20, 0x00007f6858000ff0,
0x00007f685841e590, 0x00007f685841edd0, 0x00007f6884003fd0, 0x00007f685842e9f0,
0x00007f686416e2f0, 0x00007f686416f220
}

Java Threads: ( => current thread )
  0x00007f68f4026670 JavaThread "main" [_thread_blocked, id=38, stack(0x00007f68f9713000,0x00007f68f9813000)]
  0x00007f68f40a64b0 JavaThread "Reference Handler" daemon [_thread_blocked, id=41, stack(0x00007f68da300000,0x00007f68da400000)]
  0x00007f68f40a78f0 JavaThread "Finalizer" daemon [_thread_blocked, id=42, stack(0x00007f68da200000,0x00007f68da300000)]
  0x00007f68f40ae050 JavaThread "Signal Dispatcher" daemon [_thread_blocked, id=43, stack(0x00007f68d9e1a000,0x00007f68d9f1a000)]
  0x00007f68f40af400 JavaThread "Service Thread" daemon [_thread_blocked, id=44, stack(0x00007f68d9d1a000,0x00007f68d9e1a000)]
  0x00007f68f40b07f0 JavaThread "Monitor Deflation Thread" daemon [_thread_blocked, id=45, stack(0x00007f68d9c1a000,0x00007f68d9d1a000)]
=>0x00007f68f40b21e0 JavaThread "JVMCI-native CompilerThread0" daemon [_thread_in_vm, id=46, stack(0x00007f68d9a1a000,0x00007f68d9c1a000)]
  0x00007f68f40b36f0 JavaThread "C1 CompilerThread0" daemon [_thread_blocked, id=47, stack(0x00007f68d981a000,0x00007f68d9a1a000)]
  0x00007f68f40b4b40 JavaThread "Sweeper thread" daemon [_thread_blocked, id=48, stack(0x00007f68d971a000,0x00007f68d981a000)]
  0x00007f68f40d81b0 JavaThread "Common-Cleaner" daemon [_thread_blocked, id=49, stack(0x00007f68d961a000,0x00007f68d971a000)]
  0x00007f68f411fc10 JavaThread "Notification Thread" daemon [_thread_blocked, id=50, stack(0x00007f68d951a000,0x00007f68d961a000)]
  0x00007f68f433c170 JavaThread "Active Thread: Equinox Container: f289008c-8d44-4a97-b6d4-8abfea0fd094" [_thread_blocked, id=65, stack(0x00007f68d8100000,0x00007f68d8200000)]
  0x00007f68f436fa70 JavaThread "Framework Event Dispatcher: Equinox Container: f289008c-8d44-4a97-b6d4-8abfea0fd094" daemon [_thread_blocked, id=66, stack(0x00007f68a1b00000,0x00007f68a1c00000)]
  0x00007f68f4371b10 JavaThread "Start Level: Equinox Container: f289008c-8d44-4a97-b6d4-8abfea0fd094" daemon [_thread_blocked, id=67, stack(0x00007f68a1900000,0x00007f68a1a00000)]
  0x00007f68f46372a0 JavaThread "Refresh Thread: Equinox Container: f289008c-8d44-4a97-b6d4-8abfea0fd094" daemon [_thread_blocked, id=68, stack(0x00007f68a1700000,0x00007f68a1800000)]
  0x00007f6888016e80 JavaThread "SCR Component Actor" daemon [_thread_blocked, id=77, stack(0x00007f68a1500000,0x00007f68a1600000)]
  0x00007f68882b6d80 JavaThread "Worker-JM" [_thread_blocked, id=79, stack(0x00007f68a1300000,0x00007f68a1400000)]
  0x00007f688831a750 JavaThread "Worker-0" [_thread_blocked, id=80, stack(0x00007f68a1100000,0x00007f68a1200000)]
  0x00007f687c0010d0 JavaThread "Worker-1" [_thread_blocked, id=87, stack(0x00007f68a0f00000,0x00007f68a1000000)]
  0x00007f6888496c70 JavaThread "Java indexing" daemon [_thread_blocked, id=90, stack(0x00007f68a0d00000,0x00007f68a0e00000)]
  0x00007f68886053c0 JavaThread "Bundle File Closer" daemon [_thread_blocked, id=91, stack(0x00007f68a0b00000,0x00007f68a0c00000)]
  0x00007f68f43a6fd0 JavaThread "pool-3-thread-1" [_thread_blocked, id=92, stack(0x00007f68a0900000,0x00007f68a0a00000)]
  0x00007f68f41d3e20 JavaThread "pool-2-thread-1" [_thread_blocked, id=100, stack(0x00007f68a0500000,0x00007f68a0600000)]
  0x00007f6858000ff0 JavaThread "Worker-4: Java indexing... " [_thread_blocked, id=104, stack(0x00007f68a0100000,0x00007f68a0200000)]
  0x00007f685841e590 JavaThread "OkHttp repo.maven.apache.org" [_thread_blocked, id=153, stack(0x00007f68a1400000,0x00007f68a1500000)]
  0x00007f685841edd0 JavaThread "OkHttp ConnectionPool" daemon [_thread_blocked, id=154, stack(0x00007f68a0800000,0x00007f68a0900000)]
  0x00007f6884003fd0 JavaThread "OkHttp repo.maven.apache.org Writer" [_thread_blocked, id=155, stack(0x00007f68a0000000,0x00007f68a0100000)]
  0x00007f685842e9f0 JavaThread "Okio Watchdog" daemon [_thread_blocked, id=158, stack(0x00007f689fb00000,0x00007f689fc00000)]
  0x00007f686416e2f0 JavaThread "Thread-6" [_thread_blocked, id=638, stack(0x00007f68a0300000,0x00007f68a0400000)]
  0x00007f686416f220 JavaThread "Thread-7" [_thread_blocked, id=1290, stack(0x00007f68a0400000,0x00007f68a0500000)]

Other Threads:
  0x00007f68f40a1bf0 VMThread "VM Thread" [stack: 0x00007f68dacdd000,0x00007f68daddd000] [id=40] _threads_hazard_ptr=0x00007f686418df80
  0x00007f68f41215b0 WatcherThread [stack: 0x00007f68d941a000,0x00007f68d951a000] [id=51]
  0x00007f68f403df10 GCTaskThread "GC Thread#0" [stack: 0x00007f68f92d6000,0x00007f68f93d6000] [id=39]

Threads with active compile tasks:
JVMCI-native CompilerThread0   421988 8888       4       java.lang.Integer::stringSize (47 bytes)

VM state: synchronizing (normal execution)

VM Mutex/Monitor currently owned by a thread:  ([mutex/lock_event])
[0x00007f68f4023820] Threads_lock - owner thread: 0x00007f68f40a1bf0
[0x00007f68f4023fd0] Heap_lock - owner thread: 0x00007f68f41d3e20

OutOfMemory and StackOverflow Exception counts:
OutOfMemoryError java_heap_errors=3
LinkageErrors=68

Heap address: 0x00000000e0000000, size: 512 MB, Compressed Oops mode: 32-bit

CDS archive(s) mapped at: [0x0000000800000000-0x0000000800bc8000-0x0000000800bc8000), size 12353536, SharedBaseAddress: 0x0000000800000000, ArchiveRelocationMode: 0.
Compressed class space mapped at: 0x0000000800c00000-0x0000000840c00000, reserved size: 1073741824
Narrow klass base: 0x0000000800000000, Narrow klass shift: 0, Narrow klass range: 0x100000000

GC Precious Log:
 CPUs: 8 total, 1 available
 Memory: 1024M
 Large Page Support: Disabled
 NUMA Support: Disabled
 Compressed Oops: Enabled (32-bit)
 Alignments: Space 512K, Generation 512K, Heap 2M
 Heap Min Capacity: 100M
 Heap Initial Capacity: 100M
 Heap Max Capacity: 512M
 Pre-touch: Disabled
 Parallel Workers: 1

Heap:
 PSYoungGen      total 37888K, used 29184K [0x00000000f5580000, 0x00000000f8500000, 0x0000000100000000)
  eden space 29184K, 100% used [0x00000000f5580000,0x00000000f7200000,0x00000000f7200000)
  from space 8704K, 0% used [0x00000000f7200000,0x00000000f7200000,0x00000000f7a80000)
  to   space 8704K, 0% used [0x00000000f7a80000,0x00000000f7a80000,0x00000000f8300000)
 ParOldGen       total 349696K, used 349695K [0x00000000e0000000, 0x00000000f5580000, 0x00000000f5580000)
  object space 349696K, 99% used [0x00000000e0000000,0x00000000f557ff38,0x00000000f5580000)
 Metaspace       used 59640K, committed 60736K, reserved 1105920K
  class space    used 5966K, committed 6400K, reserved 1048576K

Card table byte_map: [0x00007f68f93d6000,0x00007f68f94d7000] _byte_map_base: 0x00007f68f8cd6000

Marking Bits: (ParMarkBitMap*) 0x00007f68fab264c0
 Begin Bits: [0x00007f68f8229000, 0x00007f68f8a29000)
 End Bits:   [0x00007f68f8a29000, 0x00007f68f9229000)

Polling page: 0x00007f68f96f0000

Metaspace:

Usage:
  Non-class:     52.42 MB used.
      Class:      5.83 MB used.
       Both:     58.24 MB used.

Virtual space:
  Non-class space:       56.00 MB reserved,      53.06 MB ( 95%) committed,  7 nodes.
      Class space:        1.00 GB reserved,       6.25 MB ( <1%) committed,  1 nodes.
             Both:        1.05 GB reserved,      59.31 MB (  5%) committed. 

Chunk freelists:
   Non-Class:  2.49 MB
       Class:  1.86 MB
        Both:  4.35 MB

MaxMetaspaceSize: unlimited
CompressedClassSpaceSize: 1.00 GB
Initial GC threshold: 21.00 MB
Current GC threshold: 98.69 MB
CDS: on
MetaspaceReclaimPolicy: balanced
 - commit_granule_bytes: 65536.
 - commit_granule_words: 8192.
 - virtual_space_node_default_size: 1048576.
 - enlarge_chunks_in_place: 1.
 - new_chunks_are_fully_committed: 0.
 - uncommit_free_chunks: 1.
 - use_allocation_guard: 0.
 - handle_deallocations: 1.


Internal statistics:

num_allocs_failed_limit: 6.
num_arena_births: 508.
num_arena_deaths: 152.
num_vsnodes_births: 8.
num_vsnodes_deaths: 0.
num_space_committed: 948.
num_space_uncommitted: 0.
num_chunks_returned_to_freelist: 214.
num_chunks_taken_from_freelist: 2848.
num_chunk_merges: 87.
num_chunk_splits: 1840.
num_chunks_enlarged: 1160.
num_purges: 4.
num_inconsistent_stats: 0.

CodeHeap 'non-profiled nmethods': size=120036Kb used=2465Kb max_used=2465Kb free=117571Kb
 bounds [0x00007f68e2f7a000, 0x00007f68e31ea000, 0x00007f68ea4b3000]
CodeHeap 'profiled nmethods': size=120032Kb used=14179Kb max_used=16669Kb free=105852Kb
 bounds [0x00007f68dba42000, 0x00007f68dca92000, 0x00007f68e2f7a000]
CodeHeap 'non-nmethods': size=5692Kb used=1384Kb max_used=1402Kb free=4307Kb
 bounds [0x00007f68db4b3000, 0x00007f68db723000, 0x00007f68dba42000]
 total_blobs=7487 nmethods=6765 adapters=632
 compilation: enabled
              stopped_count=0, restarted_count=0
 full_count=0

JVMCI Events (20 events):
Event: 170.501 Thread 0x00007f68f40b21e0 destroyed JavaVM[2]@0x00007f689f39e340 for JVMCI runtime 0
Event: 170.501 Thread 0x00007f68f40b21e0 compacted oop handles in JVMCI runtime 0 from 62 to 62
Event: 170.501 Thread 0x00007f68f40b21e0 releasing handles for JVMCI runtime 0: oop handles=62, metadata handles={total=101, live=100, blocks=41}
Event: 170.501 Thread 0x00007f68f40b21e0 detached from JVMCI runtime 0
Event: 211.895 Thread 0x00007f68f40b21e0 attached to JVMCI runtime 0
Event: 211.896 Thread 0x00007f68f40b21e0 created JavaVM[3]@0x00007f689f39e340 for JVMCI runtime 0
Event: 212.965 Thread 0x00007f68f40b21e0 initializing JVMCI runtime 0
Event: 212.965 Thread 0x00007f68f40b21e0 done waiting for JavaVM references initialization in JVMCI runtime 0
Event: 255.984 Thread 0x00007f68f40b21e0 initialized JVMCI runtime 0
Event: 265.266 Thread 0x00007f68f40b21e0 detaching from JVMCI runtime 0: releasing idle compiler thread (0 other threads still attached)
Event: 265.266 Thread 0x00007f68f40b21e0 shutting down HotSpotJVMCIRuntime for JVMCI runtime 0
Event: 265.266 Thread 0x00007f68f40b21e0 shut down JVMCI runtime 0
Event: 265.267 Thread 0x00007f68f40b21e0 destroyed JavaVM[3]@0x00007f689f39e340 for JVMCI runtime 0
Event: 265.267 Thread 0x00007f68f40b21e0 compacted oop handles in JVMCI runtime 0 from 48 to 48
Event: 265.267 Thread 0x00007f68f40b21e0 releasing handles for JVMCI runtime 0: oop handles=48, metadata handles={total=96, live=93, blocks=41}
Event: 265.267 Thread 0x00007f68f40b21e0 detached from JVMCI runtime 0
Event: 326.706 Thread 0x00007f68f40b21e0 attached to JVMCI runtime 0
Event: 326.707 Thread 0x00007f68f40b21e0 created JavaVM[4]@0x00007f689f39e340 for JVMCI runtime 0
Event: 326.707 Thread 0x00007f68f40b21e0 initializing JVMCI runtime 0
Event: 326.707 Thread 0x00007f68f40b21e0 done waiting for JavaVM references initialization in JVMCI runtime 0

Compilation events (20 events):
Event: 321.981 Thread 0x00007f68f40b36f0 nmethod 8886 0x00007f68dc156210 code [0x00007f68dc156440, 0x00007f68dc156bd0]
Event: 323.196 Thread 0x00007f68f40b36f0 8887       3       java.lang.invoke.MethodHandles$Lookup::maybeBindCaller (72 bytes)
Event: 323.197 Thread 0x00007f68f40b36f0 nmethod 8887 0x00007f68dc12ed90 code [0x00007f68dc12efc0, 0x00007f68dc12f860]
Event: 326.706 Thread 0x00007f68f40b21e0 8888       4       java.lang.Integer::stringSize (47 bytes)
Event: 349.663 Thread 0x00007f68f40b36f0 8890       3       java.lang.invoke.MethodHandles$Lookup::ensureDefineClassPermission (38 bytes)
Event: 349.664 Thread 0x00007f68f40b36f0 nmethod 8890 0x00007f68dc36bd90 code [0x00007f68dc36bfa0, 0x00007f68dc36c810]
Event: 349.664 Thread 0x00007f68f40b36f0 8891       3       jdk.internal.org.objectweb.asm.ClassReader::<init> (9 bytes)
Event: 349.665 Thread 0x00007f68f40b36f0 nmethod 8891 0x00007f68dbb10290 code [0x00007f68dbb10440, 0x00007f68dbb105e0]
Event: 349.665 Thread 0x00007f68f40b36f0 8892       3       jdk.internal.org.objectweb.asm.ClassReader::readUTF8 (23 bytes)
Event: 349.665 Thread 0x00007f68f40b36f0 nmethod 8892 0x00007f68dbb81790 code [0x00007f68dbb81960, 0x00007f68dbb81b90]
Event: 349.665 Thread 0x00007f68f40b36f0 8893       3       jdk.internal.org.objectweb.asm.ClassReader::readUtf (44 bytes)
Event: 349.665 Thread 0x00007f68f40b36f0 nmethod 8893 0x00007f68dc231610 code [0x00007f68dc2317e0, 0x00007f68dc231cf0]
Event: 368.595 Thread 0x00007f68f40b36f0 8894  s    3       org.eclipse.jdt.internal.core.search.processing.JobManager::currentJob (35 bytes)
Event: 368.595 Thread 0x00007f68f40b36f0 nmethod 8894 0x00007f68dc1b9f90 code [0x00007f68dc1ba160, 0x00007f68dc1baab0]
Event: 378.502 Thread 0x00007f68f40b36f0 8895       3       org.eclipse.core.internal.jobs.JobQueue::canOvertake (69 bytes)
Event: 379.784 Thread 0x00007f68f40b36f0 nmethod 8895 0x00007f68dc55c910 code [0x00007f68dc55cb00, 0x00007f68dc55d560]
Event: 384.609 Thread 0x00007f68f40b36f0 8896       3       java.lang.invoke.VarHandleReferences$FieldInstanceReadWrite::set (35 bytes)
Event: 387.077 Thread 0x00007f68f40b36f0 nmethod 8896 0x00007f68dc46fb90 code [0x00007f68dc46fdc0, 0x00007f68dc470700]
Event: 411.757 Thread 0x00007f68f40b36f0 8897       3       java.util.concurrent.ThreadPoolExecutor::runStateAtLeast (11 bytes)
Event: 412.874 Thread 0x00007f68f40b36f0 nmethod 8897 0x00007f68dbbc4c10 code [0x00007f68dbbc4da0, 0x00007f68dbbc4ef0]

GC Heap History (20 events):
Event: 410.597 GC heap before
{Heap before GC invocations=416 (full 283):
 PSYoungGen      total 37888K, used 29184K [0x00000000f5580000, 0x00000000f8500000, 0x0000000100000000)
  eden space 29184K, 100% used [0x00000000f5580000,0x00000000f7200000,0x00000000f7200000)
  from space 8704K, 0% used [0x00000000f7200000,0x00000000f7200000,0x00000000f7a80000)
  to   space 8704K, 0% used [0x00000000f7a80000,0x00000000f7a80000,0x00000000f8300000)
 ParOldGen       total 349696K, used 349695K [0x00000000e0000000, 0x00000000f5580000, 0x00000000f5580000)
  object space 349696K, 99% used [0x00000000e0000000,0x00000000f557fff8,0x00000000f5580000)
 Metaspace       used 59640K, committed 60736K, reserved 1105920K
  class space    used 5966K, committed 6400K, reserved 1048576K
}
Event: 411.757 GC heap after
{Heap after GC invocations=416 (full 283):
 PSYoungGen      total 37888K, used 29184K [0x00000000f5580000, 0x00000000f8500000, 0x0000000100000000)
  eden space 29184K, 100% used [0x00000000f5580000,0x00000000f7200000,0x00000000f7200000)
  from space 8704K, 0% used [0x00000000f7a80000,0x00000000f7a80000,0x00000000f8300000)
  to   space 8704K, 0% used [0x00000000f7200000,0x00000000f7200000,0x00000000f7a80000)
 ParOldGen       total 349696K, used 349695K [0x00000000e0000000, 0x00000000f5580000, 0x00000000f5580000)
  object space 349696K, 99% used [0x00000000e0000000,0x00000000f557fff8,0x00000000f5580000)
 Metaspace       used 59640K, committed 60736K, reserved 1105920K
  class space    used 5966K, committed 6400K, reserved 1048576K
}
Event: 411.757 GC heap before
{Heap before GC invocations=417 (full 284):
 PSYoungGen      total 37888K, used 29184K [0x00000000f5580000, 0x00000000f8500000, 0x0000000100000000)
  eden space 29184K, 100% used [0x00000000f5580000,0x00000000f7200000,0x00000000f7200000)
  from space 8704K, 0% used [0x00000000f7a80000,0x00000000f7a80000,0x00000000f8300000)
  to   space 8704K, 0% used [0x00000000f7200000,0x00000000f7200000,0x00000000f7a80000)
 ParOldGen       total 349696K, used 349695K [0x00000000e0000000, 0x00000000f5580000, 0x00000000f5580000)
  object space 349696K, 99% used [0x00000000e0000000,0x00000000f557fff8,0x00000000f5580000)
 Metaspace       used 59640K, committed 60736K, reserved 1105920K
  class space    used 5966K, committed 6400K, reserved 1048576K
}
Event: 412.874 GC heap after
{Heap after GC invocations=417 (full 284):
 PSYoungGen      total 37888K, used 29183K [0x00000000f5580000, 0x00000000f8500000, 0x0000000100000000)
  eden space 29184K, 99% used [0x00000000f5580000,0x00000000f71fffe0,0x00000000f7200000)
  from space 8704K, 0% used [0x00000000f7200000,0x00000000f7200000,0x00000000f7a80000)
  to   space 8704K, 0% used [0x00000000f7a80000,0x00000000f7a80000,0x00000000f8300000)
 ParOldGen       total 349696K, used 349694K [0x00000000e0000000, 0x00000000f5580000, 0x00000000f5580000)
  object space 349696K, 99% used [0x00000000e0000000,0x00000000f557fa58,0x00000000f5580000)
 Metaspace       used 59640K, committed 60736K, reserved 1105920K
  class space    used 5966K, committed 6400K, reserved 1048576K
}
Event: 412.874 GC heap before
{Heap before GC invocations=418 (full 285):
 PSYoungGen      total 37888K, used 29183K [0x00000000f5580000, 0x00000000f8500000, 0x0000000100000000)
  eden space 29184K, 99% used [0x00000000f5580000,0x00000000f71ffff8,0x00000000f7200000)
  from space 8704K, 0% used [0x00000000f7200000,0x00000000f7200000,0x00000000f7a80000)
  to   space 8704K, 0% used [0x00000000f7a80000,0x00000000f7a80000,0x00000000f8300000)
 ParOldGen       total 349696K, used 349696K [0x00000000e0000000, 0x00000000f5580000, 0x00000000f5580000)
  object space 349696K, 100% used [0x00000000e0000000,0x00000000f5580000,0x00000000f5580000)
 Metaspace       used 59640K, committed 60736K, reserved 1105920K
  class space    used 5966K, committed 6400K, reserved 1048576K
}
Event: 414.075 GC heap after
{Heap after GC invocations=418 (full 285):
 PSYoungGen      total 37888K, used 29183K [0x00000000f5580000, 0x00000000f8500000, 0x0000000100000000)
  eden space 29184K, 99% used [0x00000000f5580000,0x00000000f71fff68,0x00000000f7200000)
  from space 8704K, 0% used [0x00000000f7a80000,0x00000000f7a80000,0x00000000f8300000)
  to   space 8704K, 0% used [0x00000000f7200000,0x00000000f7200000,0x00000000f7a80000)
 ParOldGen       total 349696K, used 349695K [0x00000000e0000000, 0x00000000f5580000, 0x00000000f5580000)
  object space 349696K, 99% used [0x00000000e0000000,0x00000000f557ff20,0x00000000f5580000)
 Metaspace       used 59640K, committed 60736K, reserved 1105920K
  class space    used 5966K, committed 6400K, reserved 1048576K
}
Event: 414.075 GC heap before
{Heap before GC invocations=419 (full 286):
 PSYoungGen      total 37888K, used 29184K [0x00000000f5580000, 0x00000000f8500000, 0x0000000100000000)
  eden space 29184K, 100% used [0x00000000f5580000,0x00000000f7200000,0x00000000f7200000)
  from space 8704K, 0% used [0x00000000f7a80000,0x00000000f7a80000,0x00000000f8300000)
  to   space 8704K, 0% used [0x00000000f7200000,0x00000000f7200000,0x00000000f7a80000)
 ParOldGen       total 349696K, used 349695K [0x00000000e0000000, 0x00000000f5580000, 0x00000000f5580000)
  object space 349696K, 99% used [0x00000000e0000000,0x00000000f557ff20,0x00000000f5580000)
 Metaspace       used 59640K, committed 60736K, reserved 1105920K
  class space    used 5966K, committed 6400K, reserved 1048576K
}
Event: 415.087 GC heap after
{Heap after GC invocations=419 (full 286):
 PSYoungGen      total 37888K, used 29183K [0x00000000f5580000, 0x00000000f8500000, 0x0000000100000000)
  eden space 29184K, 99% used [0x00000000f5580000,0x00000000f71fffe8,0x00000000f7200000)
  from space 8704K, 0% used [0x00000000f7200000,0x00000000f7200000,0x00000000f7a80000)
  to   space 8704K, 0% used [0x00000000f7a80000,0x00000000f7a80000,0x00000000f8300000)
 ParOldGen       total 349696K, used 349695K [0x00000000e0000000, 0x00000000f5580000, 0x00000000f5580000)
  object space 349696K, 99% used [0x00000000e0000000,0x00000000f557ff00,0x00000000f5580000)
 Metaspace       used 59640K, committed 60736K, reserved 1105920K
  class space    used 5966K, committed 6400K, reserved 1048576K
}
Event: 415.087 GC heap before
{Heap before GC invocations=420 (full 287):
 PSYoungGen      total 37888K, used 29184K [0x00000000f5580000, 0x00000000f8500000, 0x0000000100000000)
  eden space 29184K, 100% used [0x00000000f5580000,0x00000000f7200000,0x00000000f7200000)
  from space 8704K, 0% used [0x00000000f7200000,0x00000000f7200000,0x00000000f7a80000)
  to   space 8704K, 0% used [0x00000000f7a80000,0x00000000f7a80000,0x00000000f8300000)
 ParOldGen       total 349696K, used 349695K [0x00000000e0000000, 0x00000000f5580000, 0x00000000f5580000)
  object space 349696K, 99% used [0x00000000e0000000,0x00000000f557ff00,0x00000000f5580000)
 Metaspace       used 59640K, committed 60736K, reserved 1105920K
  class space    used 5966K, committed 6400K, reserved 1048576K
}
Event: 416.107 GC heap after
{Heap after GC invocations=420 (full 287):
 PSYoungGen      total 37888K, used 29184K [0x00000000f5580000, 0x00000000f8500000, 0x0000000100000000)
  eden space 29184K, 100% used [0x00000000f5580000,0x00000000f7200000,0x00000000f7200000)
  from space 8704K, 0% used [0x00000000f7a80000,0x00000000f7a80000,0x00000000f8300000)
  to   space 8704K, 0% used [0x00000000f7200000,0x00000000f7200000,0x00000000f7a80000)
 ParOldGen       total 349696K, used 349695K [0x00000000e0000000, 0x00000000f5580000, 0x00000000f5580000)
  object space 349696K, 99% used [0x00000000e0000000,0x00000000f557ff00,0x00000000f5580000)
 Metaspace       used 59640K, committed 60736K, reserved 1105920K
  class space    used 5966K, committed 6400K, reserved 1048576K
}
Event: 416.108 GC heap before
{Heap before GC invocations=421 (full 288):
 PSYoungGen      total 37888K, used 29184K [0x00000000f5580000, 0x00000000f8500000, 0x0000000100000000)
  eden space 29184K, 100% used [0x00000000f5580000,0x00000000f7200000,0x00000000f7200000)
  from space 8704K, 0% used [0x00000000f7a80000,0x00000000f7a80000,0x00000000f8300000)
  to   space 8704K, 0% used [0x00000000f7200000,0x00000000f7200000,0x00000000f7a80000)
 ParOldGen       total 349696K, used 349695K [0x00000000e0000000, 0x00000000f5580000, 0x00000000f5580000)
  object space 349696K, 99% used [0x00000000e0000000,0x00000000f557ff18,0x00000000f5580000)
 Metaspace       used 59640K, committed 60736K, reserved 1105920K
  class space    used 5966K, committed 6400K, reserved 1048576K
}
Event: 417.193 GC heap after
{Heap after GC invocations=421 (full 288):
 PSYoungGen      total 37888K, used 29184K [0x00000000f5580000, 0x00000000f8500000, 0x0000000100000000)
  eden space 29184K, 100% used [0x00000000f5580000,0x00000000f7200000,0x00000000f7200000)
  from space 8704K, 0% used [0x00000000f7200000,0x00000000f7200000,0x00000000f7a80000)
  to   space 8704K, 0% used [0x00000000f7a80000,0x00000000f7a80000,0x00000000f8300000)
 ParOldGen       total 349696K, used 349695K [0x00000000e0000000, 0x00000000f5580000, 0x00000000f5580000)
  object space 349696K, 99% used [0x00000000e0000000,0x00000000f557ff18,0x00000000f5580000)
 Metaspace       used 59640K, committed 60736K, reserved 1105920K
  class space    used 5966K, committed 6400K, reserved 1048576K
}
Event: 417.193 GC heap before
{Heap before GC invocations=422 (full 289):
 PSYoungGen      total 37888K, used 29184K [0x00000000f5580000, 0x00000000f8500000, 0x0000000100000000)
  eden space 29184K, 100% used [0x00000000f5580000,0x00000000f7200000,0x00000000f7200000)
  from space 8704K, 0% used [0x00000000f7200000,0x00000000f7200000,0x00000000f7a80000)
  to   space 8704K, 0% used [0x00000000f7a80000,0x00000000f7a80000,0x00000000f8300000)
 ParOldGen       total 349696K, used 349695K [0x00000000e0000000, 0x00000000f5580000, 0x00000000f5580000)
  object space 349696K, 99% used [0x00000000e0000000,0x00000000f557ff18,0x00000000f5580000)
 Metaspace       used 59640K, committed 60736K, reserved 1105920K
  class space    used 5966K, committed 6400K, reserved 1048576K
}
Event: 418.392 GC heap after
{Heap after GC invocations=422 (full 289):
 PSYoungGen      total 37888K, used 29184K [0x00000000f5580000, 0x00000000f8500000, 0x0000000100000000)
  eden space 29184K, 100% used [0x00000000f5580000,0x00000000f7200000,0x00000000f7200000)
  from space 8704K, 0% used [0x00000000f7a80000,0x00000000f7a80000,0x00000000f8300000)
  to   space 8704K, 0% used [0x00000000f7200000,0x00000000f7200000,0x00000000f7a80000)
 ParOldGen       total 349696K, used 349695K [0x00000000e0000000, 0x00000000f5580000, 0x00000000f5580000)
  object space 349696K, 99% used [0x00000000e0000000,0x00000000f557ff18,0x00000000f5580000)
 Metaspace       used 59640K, committed 60736K, reserved 1105920K
  class space    used 5966K, committed 6400K, reserved 1048576K
}
Event: 418.393 GC heap before
{Heap before GC invocations=423 (full 290):
 PSYoungGen      total 37888K, used 29184K [0x00000000f5580000, 0x00000000f8500000, 0x0000000100000000)
  eden space 29184K, 100% used [0x00000000f5580000,0x00000000f7200000,0x00000000f7200000)
  from space 8704K, 0% used [0x00000000f7a80000,0x00000000f7a80000,0x00000000f8300000)
  to   space 8704K, 0% used [0x00000000f7200000,0x00000000f7200000,0x00000000f7a80000)
 ParOldGen       total 349696K, used 349696K [0x00000000e0000000, 0x00000000f5580000, 0x00000000f5580000)
  object space 349696K, 100% used [0x00000000e0000000,0x00000000f5580000,0x00000000f5580000)
 Metaspace       used 59640K, committed 60736K, reserved 1105920K
  class space    used 5966K, committed 6400K, reserved 1048576K
}
Event: 419.584 GC heap after
{Heap after GC invocations=423 (full 290):
 PSYoungGen      total 37888K, used 29184K [0x00000000f5580000, 0x00000000f8500000, 0x0000000100000000)
  eden space 29184K, 100% used [0x00000000f5580000,0x00000000f7200000,0x00000000f7200000)
  from space 8704K, 0% used [0x00000000f7200000,0x00000000f7200000,0x00000000f7a80000)
  to   space 8704K, 0% used [0x00000000f7a80000,0x00000000f7a80000,0x00000000f8300000)
 ParOldGen       total 349696K, used 349694K [0x00000000e0000000, 0x00000000f5580000, 0x00000000f5580000)
  object space 349696K, 99% used [0x00000000e0000000,0x00000000f557fa60,0x00000000f5580000)
 Metaspace       used 59640K, committed 60736K, reserved 1105920K
  class space    used 5966K, committed 6400K, reserved 1048576K
}
Event: 419.584 GC heap before
{Heap before GC invocations=424 (full 291):
 PSYoungGen      total 37888K, used 29184K [0x00000000f5580000, 0x00000000f8500000, 0x0000000100000000)
  eden space 29184K, 100% used [0x00000000f5580000,0x00000000f7200000,0x00000000f7200000)
  from space 8704K, 0% used [0x00000000f7200000,0x00000000f7200000,0x00000000f7a80000)
  to   space 8704K, 0% used [0x00000000f7a80000,0x00000000f7a80000,0x00000000f8300000)
 ParOldGen       total 349696K, used 349694K [0x00000000e0000000, 0x00000000f5580000, 0x00000000f5580000)
  object space 349696K, 99% used [0x00000000e0000000,0x00000000f557fbb0,0x00000000f5580000)
 Metaspace       used 59640K, committed 60736K, reserved 1105920K
  class space    used 5966K, committed 6400K, reserved 1048576K
}
Event: 420.685 GC heap after
{Heap after GC invocations=424 (full 291):
 PSYoungGen      total 37888K, used 29184K [0x00000000f5580000, 0x00000000f8500000, 0x0000000100000000)
  eden space 29184K, 100% used [0x00000000f5580000,0x00000000f7200000,0x00000000f7200000)
  from space 8704K, 0% used [0x00000000f7a80000,0x00000000f7a80000,0x00000000f8300000)
  to   space 8704K, 0% used [0x00000000f7200000,0x00000000f7200000,0x00000000f7a80000)
 ParOldGen       total 349696K, used 349694K [0x00000000e0000000, 0x00000000f5580000, 0x00000000f5580000)
  object space 349696K, 99% used [0x00000000e0000000,0x00000000f557f920,0x00000000f5580000)
 Metaspace       used 59640K, committed 60736K, reserved 1105920K
  class space    used 5966K, committed 6400K, reserved 1048576K
}
Event: 420.685 GC heap before
{Heap before GC invocations=425 (full 292):
 PSYoungGen      total 37888K, used 29184K [0x00000000f5580000, 0x00000000f8500000, 0x0000000100000000)
  eden space 29184K, 100% used [0x00000000f5580000,0x00000000f7200000,0x00000000f7200000)
  from space 8704K, 0% used [0x00000000f7a80000,0x00000000f7a80000,0x00000000f8300000)
  to   space 8704K, 0% used [0x00000000f7200000,0x00000000f7200000,0x00000000f7a80000)
 ParOldGen       total 349696K, used 349694K [0x00000000e0000000, 0x00000000f5580000, 0x00000000f5580000)
  object space 349696K, 99% used [0x00000000e0000000,0x00000000f557f920,0x00000000f5580000)
 Metaspace       used 59640K, committed 60736K, reserved 1105920K
  class space    used 5966K, committed 6400K, reserved 1048576K
}
Event: 421.896 GC heap after
{Heap after GC invocations=425 (full 292):
 PSYoungGen      total 37888K, used 29184K [0x00000000f5580000, 0x00000000f8500000, 0x0000000100000000)
  eden space 29184K, 100% used [0x00000000f5580000,0x00000000f7200000,0x00000000f7200000)
  from space 8704K, 0% used [0x00000000f7200000,0x00000000f7200000,0x00000000f7a80000)
  to   space 8704K, 0% used [0x00000000f7a80000,0x00000000f7a80000,0x00000000f8300000)
 ParOldGen       total 349696K, used 349694K [0x00000000e0000000, 0x00000000f5580000, 0x00000000f5580000)
  object space 349696K, 99% used [0x00000000e0000000,0x00000000f557f920,0x00000000f5580000)
 Metaspace       used 59640K, committed 60736K, reserved 1105920K
  class space    used 5966K, committed 6400K, reserved 1048576K
}

Dll operation events (9 events):
Event: 0.003 Loaded shared library /nix/store/gpxl5qgg8kicmcvivwmybwjlpf7wh20l-graalvm17-ce-22.3.0/lib/libjava.so
Event: 0.009 Loaded shared library /nix/store/gpxl5qgg8kicmcvivwmybwjlpf7wh20l-graalvm17-ce-22.3.0/lib/libjsvml.so
Event: 0.198 Loaded shared library /nix/store/gpxl5qgg8kicmcvivwmybwjlpf7wh20l-graalvm17-ce-22.3.0/lib/libnio.so
Event: 0.202 Loaded shared library /nix/store/gpxl5qgg8kicmcvivwmybwjlpf7wh20l-graalvm17-ce-22.3.0/lib/libzip.so
Event: 0.206 Loaded shared library /nix/store/gpxl5qgg8kicmcvivwmybwjlpf7wh20l-graalvm17-ce-22.3.0/lib/libjvmcicompiler.so
Event: 0.566 Loaded shared library /nix/store/gpxl5qgg8kicmcvivwmybwjlpf7wh20l-graalvm17-ce-22.3.0/lib/libjimage.so
Event: 1.084 Loaded shared library /nix/store/gpxl5qgg8kicmcvivwmybwjlpf7wh20l-graalvm17-ce-22.3.0/lib/libnet.so
Event: 4.089 Loaded shared library /home/runner/.cache/jdt-language-server/config/org.eclipse.equinox.launcher/org.eclipse.equinox.launcher.gtk.linux.x86_64_1.2.400.v20211117-0650/eclipse_11600.so
Event: 12.164 Loaded shared library /nix/store/gpxl5qgg8kicmcvivwmybwjlpf7wh20l-graalvm17-ce-22.3.0/lib/libextnet.so

Deoptimization events (20 events):
Event: 62.382 Thread 0x00007f6888496c70 DEOPT PACKING pc=0x00007f68dc4b905d sp=0x00007f68a0dfe530
Event: 62.382 Thread 0x00007f6888496c70 DEOPT UNPACKING pc=0x00007f68db505325 sp=0x00007f68a0dfda20 mode 0
Event: 62.466 Thread 0x00007f6888496c70 DEOPT PACKING pc=0x00007f68dc4b905d sp=0x00007f68a0dfe530
Event: 62.466 Thread 0x00007f6888496c70 DEOPT UNPACKING pc=0x00007f68db505325 sp=0x00007f68a0dfda20 mode 0
Event: 116.397 Thread 0x00007f68f41d3e20 Uncommon trap: trap_request=0xffffffcd fr.pc=0x00007f68e31bf3fe relative=0x00000000000019be
Event: 116.397 Thread 0x00007f68f41d3e20 Uncommon trap: reason=intrinsic_or_type_checked_inlining action=reinterpret pc=0x00007f68e31bf3fe method=java.util.concurrent.ConcurrentHashMap.computeIfAbsent(Ljava/lang/Object;Ljava/util/function/Function;)Ljava/lang/Object; @ 20 jvmci
Event: 116.397 Thread 0x00007f68f41d3e20 DEOPT PACKING pc=0x00007f68e31bf3fe sp=0x00007f68a05fd940
Event: 116.397 Thread 0x00007f68f41d3e20 DEOPT UNPACKING pc=0x00007f68db505325 sp=0x00007f68a05fcde0 mode 3
Event: 144.501 Thread 0x00007f68f40b21e0 Uncommon trap: trap_request=0xffffffcd fr.pc=0x00007f68e308f47e relative=0x00000000000004be
Event: 144.501 Thread 0x00007f68f40b21e0 Uncommon trap: reason=intrinsic_or_type_checked_inlining action=reinterpret pc=0x00007f68e308f47e method=java.io.DataOutputStream.writeInt(I)V @ 0 jvmci
Event: 145.676 Thread 0x00007f68f40b21e0 DEOPT PACKING pc=0x00007f68e308f47e sp=0x00007f68d9c18000
Event: 145.676 Thread 0x00007f68f40b21e0 DEOPT UNPACKING pc=0x00007f68db505325 sp=0x00007f68d9c174d8 mode 3
Event: 411.757 Thread 0x00007f6888496c70 Uncommon trap: trap_request=0xffffff8f fr.pc=0x00007f68e31cdb14 relative=0x0000000000000274
Event: 411.757 Thread 0x00007f6888496c70 Uncommon trap: reason=constraint action=none pc=0x00007f68e31cdb14 method=org.eclipse.jdt.internal.core.index.DiskIndex$IntList.add(I)V @ 0 jvmci
Event: 411.757 Thread 0x00007f6888496c70 DEOPT PACKING pc=0x00007f68e31cdb14 sp=0x00007f68a0dfe500
Event: 411.757 Thread 0x00007f6888496c70 DEOPT UNPACKING pc=0x00007f68db505325 sp=0x00007f68a0dfd9a0 mode 3
Event: 418.393 Thread 0x00007f6888496c70 Uncommon trap: trap_request=0xffffff8f fr.pc=0x00007f68e31d7ba8 relative=0x00000000000011e8
Event: 418.393 Thread 0x00007f6888496c70 Uncommon trap: reason=constraint action=none pc=0x00007f68e31d7ba8 method=org.eclipse.jdt.internal.core.index.DiskIndex.copyQueryResults(Lorg/eclipse/jdt/internal/compiler/util/HashtableOfObject;I)V @ 123 jvmci
Event: 418.393 Thread 0x00007f6888496c70 DEOPT PACKING pc=0x00007f68e31d7ba8 sp=0x00007f68a0dfe530
Event: 418.393 Thread 0x00007f6888496c70 DEOPT UNPACKING pc=0x00007f68db505325 sp=0x00007f68a0dfda28 mode 3

Classes unloaded (20 events):
Event: 72.196 Thread 0x00007f68f40a1bf0 Unloading class 0x0000000800eec000 'jdk/internal/reflect/GeneratedConstructorAccessor8'
Event: 72.196 Thread 0x00007f68f40a1bf0 Unloading class 0x0000000800d99000 'java/lang/invoke/LambdaForm$MH+0x0000000800d99000'
Event: 72.196 Thread 0x00007f68f40a1bf0 Unloading class 0x0000000800d98c00 'java/lang/invoke/LambdaForm$MH+0x0000000800d98c00'
Event: 72.196 Thread 0x00007f68f40a1bf0 Unloading class 0x0000000800d98800 'java/lang/invoke/LambdaForm$MH+0x0000000800d98800'
Event: 72.196 Thread 0x00007f68f40a1bf0 Unloading class 0x0000000800d98400 'java/lang/invoke/LambdaForm$MH+0x0000000800d98400'
Event: 72.196 Thread 0x00007f68f40a1bf0 Unloading class 0x0000000800d98000 'jdk/internal/reflect/GeneratedConstructorAccessor3'
Event: 72.196 Thread 0x00007f68f40a1bf0 Unloading class 0x0000000800d0a800 'java/lang/invoke/LambdaForm$MH+0x0000000800d0a800'
Event: 72.196 Thread 0x00007f68f40a1bf0 Unloading class 0x0000000800d0a000 'java/lang/invoke/LambdaForm$MH+0x0000000800d0a000'
Event: 72.196 Thread 0x00007f68f40a1bf0 Unloading class 0x0000000800d09c00 'java/lang/invoke/LambdaForm$MH+0x0000000800d09c00'
Event: 72.196 Thread 0x00007f68f40a1bf0 Unloading class 0x0000000800d09800 'java/lang/invoke/LambdaForm$MH+0x0000000800d09800'
Event: 72.196 Thread 0x00007f68f40a1bf0 Unloading class 0x0000000800d09000 'java/lang/invoke/LambdaForm$MH+0x0000000800d09000'
Event: 72.196 Thread 0x00007f68f40a1bf0 Unloading class 0x0000000800d08c00 'java/lang/invoke/LambdaForm$MH+0x0000000800d08c00'
Event: 72.196 Thread 0x00007f68f40a1bf0 Unloading class 0x0000000800d08800 'java/lang/invoke/LambdaForm$MH+0x0000000800d08800'
Event: 72.196 Thread 0x00007f68f40a1bf0 Unloading class 0x0000000800d08000 'java/lang/invoke/LambdaForm$MH+0x0000000800d08000'
Event: 72.196 Thread 0x00007f68f40a1bf0 Unloading class 0x0000000800c1d000 'jdk/internal/reflect/GeneratedMethodAccessor5'
Event: 72.196 Thread 0x00007f68f40a1bf0 Unloading class 0x0000000800c1cc00 'jdk/internal/reflect/GeneratedMethodAccessor4'
Event: 72.196 Thread 0x00007f68f40a1bf0 Unloading class 0x0000000800c1c800 'jdk/internal/reflect/GeneratedMethodAccessor3'
Event: 72.196 Thread 0x00007f68f40a1bf0 Unloading class 0x0000000800c1c400 'jdk/internal/reflect/GeneratedMethodAccessor2'
Event: 72.196 Thread 0x00007f68f40a1bf0 Unloading class 0x0000000800c1c000 'jdk/internal/reflect/GeneratedMethodAccessor1'
Event: 72.196 Thread 0x00007f68f40a1bf0 Unloading class 0x0000000800c01c00 'java/lang/invoke/LambdaForm$DMH+0x0000000800c01c00'

Classes redefined (0 events):
No events

Internal exceptions (20 events):
Event: 38.272 Thread 0x00007f687c007280 Exception <a 'java/lang/NoSuchMethodError'{0x00000000f564bc10}: 'java.lang.Object java.lang.invoke.Invokers$Holder.linkToTargetMethod(java.lang.Object, java.lang.Object, long, java.lang.Object)'> (0x00000000f564bc10) 
thrown [src/hotspot/share/interpreter/linkResolver.cpp, line 758]
Event: 38.275 Thread 0x00007f687c007280 Exception <a 'java/io/FileNotFoundException'{0x00000000f56c6638}> (0x00000000f56c6638) 
thrown [src/hotspot/share/prims/jni.cpp, line 516]
Event: 38.360 Thread 0x00007f687c007280 Exception <a 'java/lang/NoSuchMethodError'{0x00000000f5792a20}: 'java.lang.Object java.lang.invoke.DirectMethodHandle$Holder.newInvokeSpecial(java.lang.Object, java.lang.Object, int, java.lang.Object, java.lang.Object)'> (0x00000000f5792a20) 
thrown [src/hotspot/share/interpreter/linkResolver.cpp, line 758]
Event: 38.361 Thread 0x00007f687c007280 Exception <a 'java/lang/NoSuchMethodError'{0x00000000f5797098}: 'java.lang.Object java.lang.invoke.DirectMethodHandle$Holder.invokeSpecial(java.lang.Object, java.lang.Object, java.lang.Object, int, java.lang.Object, java.lang.Object)'> (0x00000000f5797098) 
thrown [src/hotspot/share/interpreter/linkResolver.cpp, line 758]
Event: 38.373 Thread 0x00007f687c007280 Implicit null exception at 0x00007f68e315a9b0 to 0x00007f68e315ac06
Event: 38.477 Thread 0x00007f687c007280 Exception <a 'java/lang/NoSuchMethodError'{0x00000000f5d2e870}: 'java.lang.Object java.lang.invoke.DirectMethodHandle$Holder.newInvokeSpecial(java.lang.Object, java.lang.Object, java.lang.Object, int, java.lang.Object)'> (0x00000000f5d2e870) 
thrown [src/hotspot/share/interpreter/linkResolver.cpp, line 758]
Event: 38.477 Thread 0x00007f687c007280 Exception <a 'java/lang/NoSuchMethodError'{0x00000000f5d32a20}: 'java.lang.Object java.lang.invoke.DirectMethodHandle$Holder.invokeSpecial(java.lang.Object, java.lang.Object, java.lang.Object, java.lang.Object, int, java.lang.Object)'> (0x00000000f5d32a20) 
thrown [src/hotspot/share/interpreter/linkResolver.cpp, line 758]
Event: 38.478 Thread 0x00007f687c007280 Exception <a 'java/lang/NoSuchMethodError'{0x00000000f5d36870}: 'java.lang.Object java.lang.invoke.Invokers$Holder.linkToTargetMethod(java.lang.Object, java.lang.Object, int, java.lang.Object, java.lang.Object)'> (0x00000000f5d36870) 
thrown [src/hotspot/share/interpreter/linkResolver.cpp, line 758]
Event: 41.659 Thread 0x00007f686416e2f0 Implicit null exception at 0x00007f68e30bffe9 to 0x00007f68e30c019b
Event: 43.662 Thread 0x00007f686416d830 Exception <a 'java/lang/NoSuchMethodError'{0x00000000f5a6fcb8}: 'java.lang.Object java.lang.invoke.DirectMethodHandle$Holder.invokeStatic(java.lang.Object, int, java.lang.Object, java.lang.Object, java.lang.Object, java.lang.Object)'> (0x00000000f5a6fcb8) 
thrown [src/hotspot/share/interpreter/linkResolver.cpp, line 758]
Event: 43.663 Thread 0x00007f686416d830 Exception <a 'java/lang/NoSuchMethodError'{0x00000000f5a781d8}: 'java.lang.Object java.lang.invoke.DirectMethodHandle$Holder.newInvokeSpecial(java.lang.Object, int, java.lang.Object, java.lang.Object, java.lang.Object)'> (0x00000000f5a781d8) 
thrown [src/hotspot/share/interpreter/linkResolver.cpp, line 758]
Event: 43.761 Thread 0x00007f686416e2f0 Exception <a 'java/lang/NoSuchMethodError'{0x00000000f5f652f0}: 'java.lang.Object java.lang.invoke.DirectMethodHandle$Holder.newInvokeSpecial(java.lang.Object, java.lang.Object, int, java.lang.Object, java.lang.Object, java.lang.Object, java.lang.Object)'> (0x00000000f5f652f0) 
thrown [src/hotspot/share/interpreter/linkResolver.cpp, line 758]
Event: 44.063 Thread 0x00007f686416f240 Exception <a 'java/lang/NoSuchMethodError'{0x00000000f59542a8}: 'void java.lang.invoke.DirectMethodHandle$Holder.invokeSpecial(java.lang.Object, java.lang.Object, int)'> (0x00000000f59542a8) 
thrown [src/hotspot/share/interpreter/linkResolver.cpp, line 758]
Event: 44.064 Thread 0x00007f686416e2f0 Exception <a 'java/lang/NoSuchMethodError'{0x00000000f59980a0}: 'void java.lang.invoke.DirectMethodHandle$Holder.invokeSpecial(java.lang.Object, java.lang.Object, int)'> (0x00000000f59980a0) 
thrown [src/hotspot/share/interpreter/linkResolver.cpp, line 758]
Event: 45.280 Thread 0x00007f686416d830 Exception <a 'java/lang/NoSuchMethodError'{0x00000000f67ccf90}: 'int java.lang.invoke.DirectMethodHandle$Holder.invokeSpecialIFC(java.lang.Object, java.lang.Object, java.lang.Object, java.lang.Object)'> (0x00000000f67ccf90) 
thrown [src/hotspot/share/interpreter/linkResolver.cpp, line 758]
Event: 411.757 Thread 0x00007f6888496c70 Exception <a 'java/lang/OutOfMemoryError'{0x00000000e0010288}> (0x00000000e0010288) 
thrown [src/hotspot/share/gc/shared/memAllocator.cpp, line 138]
Event: 411.757 Thread 0x00007f6888496c70 Implicit null exception at 0x00007f68e31cda6d to 0x00007f68e31cdaf9
Event: 418.393 Thread 0x00007f6888496c70 Exception <a 'java/lang/OutOfMemoryError'{0x00000000e000fce8}> (0x00000000e000fce8) 
thrown [src/hotspot/share/gc/shared/memAllocator.cpp, line 138]
Event: 418.393 Thread 0x00007f6888496c70 Implicit null exception at 0x00007f68e31d760e to 0x00007f68e31d7b8d
Event: 421.896 Thread 0x00007f68f40b21e0 Exception <a 'java/lang/OutOfMemoryError'{0x00000000e000fa68}> (0x00000000e000fa68) 
thrown [src/hotspot/share/gc/shared/memAllocator.cpp, line 136]

VM Operations (20 events):
Event: 408.309 Executing VM operation: ParallelGCFailedAllocation done
Event: 408.309 Executing VM operation: ParallelGCFailedAllocation
Event: 409.513 Executing VM operation: ParallelGCFailedAllocation done
Event: 409.513 Executing VM operation: ParallelGCFailedAllocation
Event: 411.757 Executing VM operation: ParallelGCFailedAllocation done
Event: 411.757 Executing VM operation: ParallelGCFailedAllocation
Event: 412.874 Executing VM operation: ParallelGCFailedAllocation done
Event: 412.874 Executing VM operation: ParallelGCFailedAllocation
Event: 414.075 Executing VM operation: ParallelGCFailedAllocation done
Event: 414.075 Executing VM operation: ParallelGCFailedAllocation
Event: 415.087 Executing VM operation: ParallelGCFailedAllocation done
Event: 415.087 Executing VM operation: ParallelGCFailedAllocation
Event: 416.107 Executing VM operation: ParallelGCFailedAllocation done
Event: 416.108 Executing VM operation: ParallelGCFailedAllocation
Event: 418.392 Executing VM operation: ParallelGCFailedAllocation done
Event: 418.393 Executing VM operation: ParallelGCFailedAllocation
Event: 419.584 Executing VM operation: ParallelGCFailedAllocation done
Event: 419.584 Executing VM operation: ParallelGCFailedAllocation
Event: 421.896 Executing VM operation: ParallelGCFailedAllocation done
Event: 421.897 Executing VM operation: ParallelGCFailedAllocation

Events (20 events):
Event: 48.263 Thread 0x00007f68f40b4b40 flushing nmethod 0x00007f68dca15790
Event: 48.263 Thread 0x00007f68f40b4b40 flushing nmethod 0x00007f68dca17490
Event: 48.263 Thread 0x00007f68f40b4b40 flushing nmethod 0x00007f68dca20810
Event: 48.263 Thread 0x00007f68f40b4b40 flushing nmethod 0x00007f68dca22e90
Event: 48.263 Thread 0x00007f68f40b4b40 flushing nmethod 0x00007f68dca24b90
Event: 48.263 Thread 0x00007f68f40b4b40 flushing nmethod 0x00007f68dca42890
Event: 48.263 Thread 0x00007f68f40b4b40 flushing nmethod 0x00007f68dca75410
Event: 61.399 Thread 0x00007f68f422f4c0 Thread exited: 0x00007f68f422f4c0
Event: 90.483 Thread 0x00007f6884005220 Thread exited: 0x00007f6884005220
Event: 106.117 Thread 0x00007f687c007280 Thread exited: 0x00007f687c007280
Event: 108.471 Thread 0x00007f6860001130 Thread exited: 0x00007f6860001130
Event: 181.175 Thread 0x00007f686416e2f0 Thread added: 0x00007f686416e2f0
Event: 181.175 Protecting memory [0x00007f68a0300000,0x00007f68a0304000] with protection modes 0
Event: 234.813 Thread 0x00007f68600ea440 Thread exited: 0x00007f68600ea440
Event: 371.065 loading class java/io/InterruptedIOException
Event: 374.758 loading class java/io/InterruptedIOException done
Event: 376.101 loading class javax/net/ssl/SSLException
Event: 383.463 loading class javax/net/ssl/SSLException done
Event: 384.609 Thread 0x00007f686416f220 Thread added: 0x00007f686416f220
Event: 384.609 Protecting memory [0x00007f68a0400000,0x00007f68a0404000] with protection modes 0


Dynamic libraries:
e0000000-f5580000 rw-p 00000000 00:00 0 
f5580000-f8500000 rw-p 00000000 00:00 0 
f8500000-100000000 ---p 00000000 00:00 0 
800000000-800449000 rw-p 00001000 00:285 4611686019135357769             /nix/store/gpxl5qgg8kicmcvivwmybwjlpf7wh20l-graalvm17-ce-22.3.0/lib/server/classes.jsa
800449000-800bc8000 r--p 0044a000 00:285 4611686019135357769             /nix/store/gpxl5qgg8kicmcvivwmybwjlpf7wh20l-graalvm17-ce-22.3.0/lib/server/classes.jsa
800bc8000-800c00000 ---p 00000000 00:00 0 
800c00000-800c20000 rw-p 00000000 00:00 0 
800c20000-800c40000 rw-p 00000000 00:00 0 
800c40000-800cc0000 rw-p 00000000 00:00 0 
800cc0000-800d00000 rw-p 00000000 00:00 0 
800d00000-800dc0000 rw-p 00000000 00:00 0 
800dc0000-800e00000 rw-p 00000000 00:00 0 
800e00000-800f40000 rw-p 00000000 00:00 0 
800f40000-800fc0000 rw-p 00000000 00:00 0 
800fc0000-801000000 rw-p 00000000 00:00 0 
801000000-801240000 rw-p 00000000 00:00 0 
801240000-840c00000 ---p 00000000 00:00 0 
5648285b4000-5648285b5000 r-xp 00000000 00:285 4611686019099417844       /nix/store/gpxl5qgg8kicmcvivwmybwjlpf7wh20l-graalvm17-ce-22.3.0/bin/.java-wrapped
5648285b6000-5648285b7000 r--p 00001000 00:285 4611686019099417844       /nix/store/gpxl5qgg8kicmcvivwmybwjlpf7wh20l-graalvm17-ce-22.3.0/bin/.java-wrapped
5648285b7000-5648285b8000 rw-p 00002000 00:285 4611686019099417844       /nix/store/gpxl5qgg8kicmcvivwmybwjlpf7wh20l-graalvm17-ce-22.3.0/bin/.java-wrapped
5648285b8000-5648285b9000 rw-p 00004000 00:285 4611686019099417844       /nix/store/gpxl5qgg8kicmcvivwmybwjlpf7wh20l-graalvm17-ce-22.3.0/bin/.java-wrapped
5648285b9000-5648285ba000 rw-p 00005000 00:285 4611686019099417844       /nix/store/gpxl5qgg8kicmcvivwmybwjlpf7wh20l-graalvm17-ce-22.3.0/bin/.java-wrapped
564828e5b000-564828ea3000 rw-p 00000000 00:00 0                          [heap]
7f6820000000-7f6820194000 rw-p 00000000 00:00 0 
7f6820194000-7f6824000000 ---p 00000000 00:00 0 
7f6828000000-7f68281c8000 rw-p 00000000 00:00 0 
7f68281c8000-7f682c000000 ---p 00000000 00:00 0 
7f6830000000-7f6830021000 rw-p 00000000 00:00 0 
7f6830021000-7f6834000000 ---p 00000000 00:00 0 
7f6834000000-7f6834133000 rw-p 00000000 00:00 0 
7f6834133000-7f6838000000 ---p 00000000 00:00 0 
7f6838000000-7f6838021000 rw-p 00000000 00:00 0 
7f6838021000-7f683c000000 ---p 00000000 00:00 0 
7f683c000000-7f683c021000 rw-p 00000000 00:00 0 
7f683c021000-7f6840000000 ---p 00000000 00:00 0 
7f6840000000-7f6840021000 rw-p 00000000 00:00 0 
7f6840021000-7f6844000000 ---p 00000000 00:00 0 
7f68464b3000-7f6850000000 r--s 00000000 00:285 4611686019135192581       /nix/store/gpxl5qgg8kicmcvivwmybwjlpf7wh20l-graalvm17-ce-22.3.0/lib/modules
7f6850000000-7f6850021000 rw-p 00000000 00:00 0 
7f6850021000-7f6854000000 ---p 00000000 00:00 0 
7f6856000000-7f6856300000 rw-p 00000000 00:00 0 
7f6856300000-7f6856360000 rw-p 00000000 00:00 0 
7f6856360000-7f6856400000 ---p 00000000 00:00 0 
7f6856400000-7f6856560000 rw-p 00000000 00:00 0 
7f6856560000-7f6856800000 rw-p 00000000 00:00 0 
7f6857000000-7f68571c0000 rw-p 00000000 00:00 0 
7f68571c0000-7f6857200000 rw-p 00000000 00:00 0 
7f6857200000-7f6857300000 rw-p 00000000 00:00 0 
7f6857300000-7f6857400000 rw-p 00000000 00:00 0 
7f6857400000-7f6857800000 rw-p 00000000 00:00 0 
7f6857800000-7f6857900000 rw-p 00000000 00:00 0 
7f6857900000-7f6857980000 rw-p 00000000 00:00 0 
7f6857980000-7f6857a00000 rw-p 00000000 00:00 0 
7f6857a00000-7f6857b00000 rw-p 00000000 00:00 0 
7f6857b00000-7f6857c00000 rw-p 00000000 00:00 0 
7f6857c00000-7f6857d00000 rw-p 00000000 00:00 0 
7f6857d00000-7f6857e00000 rw-p 00000000 00:00 0 
7f6857e00000-7f6858000000 rw-p 00000000 00:00 0 
7f6858000000-7f68584e2000 rw-p 00000000 00:00 0 
7f68584e2000-7f685c000000 ---p 00000000 00:00 0 
7f685c000000-7f685c021000 rw-p 00000000 00:00 0 
7f685c021000-7f6860000000 ---p 00000000 00:00 0 
7f6860000000-7f6860130000 rw-p 00000000 00:00 0 
7f6860130000-7f6864000000 ---p 00000000 00:00 0 
7f6864000000-7f68641be000 rw-p 00000000 00:00 0 
7f68641be000-7f6868000000 ---p 00000000 00:00 0 
7f6868000000-7f6868021000 rw-p 00000000 00:00 0 
7f6868021000-7f686c000000 ---p 00000000 00:00 0 
7f686c000000-7f686c021000 rw-p 00000000 00:00 0 
7f686c021000-7f6870000000 ---p 00000000 00:00 0 
7f6870000000-7f6870312000 rw-p 00000000 00:00 0 
7f6870312000-7f6874000000 ---p 00000000 00:00 0 
7f6874000000-7f687405b000 rw-p 00000000 00:00 0 
7f687405b000-7f6878000000 ---p 00000000 00:00 0 
7f6878000000-7f6878021000 rw-p 00000000 00:00 0 
7f6878021000-7f687c000000 ---p 00000000 00:00 0 
7f687c000000-7f687c06e000 rw-p 00000000 00:00 0 
7f687c06e000-7f6880000000 ---p 00000000 00:00 0 
7f6880000000-7f6880021000 rw-p 00000000 00:00 0 
7f6880021000-7f6884000000 ---p 00000000 00:00 0 
7f6884000000-7f6884021000 rw-p 00000000 00:00 0 
7f6884021000-7f6888000000 ---p 00000000 00:00 0 
7f6888000000-7f68888d0000 rw-p 00000000 00:00 0 
7f68888d0000-7f688c000000 ---p 00000000 00:00 0 
7f688c000000-7f688c026000 rw-p 00000000 00:00 0 
7f688c026000-7f6890000000 ---p 00000000 00:00 0 
7f6890000000-7f6890021000 rw-p 00000000 00:00 0 
7f6890021000-7f6894000000 ---p 00000000 00:00 0 
7f6894000000-7f6894021000 rw-p 00000000 00:00 0 
7f6894021000-7f6898000000 ---p 00000000 00:00 0 
7f6898000000-7f6898021000 rw-p 00000000 00:00 0 
7f6898021000-7f689c000000 ---p 00000000 00:00 0 
7f689c400000-7f689c500000 rw-p 00000000 00:00 0 
7f689c500000-7f689c600000 rw-p 00000000 00:00 0 
7f689c600000-7f689cb80000 rw-p 00000000 00:00 0 
7f689cb80000-7f689cc00000 rw-p 00000000 00:00 0 
7f689cc00000-7f689cd00000 rw-p 00000000 00:00 0 
7f689cd00000-7f689ce00000 rw-p 00000000 00:00 0 
7f689ce00000-7f689d300000 rw-p 00000000 00:00 0 
7f689d300000-7f689d400000 rw-p 00000000 00:00 0 
7f689dc00000-7f689e1b0000 rw-p 00000000 00:00 0 
7f689e1b0000-7f689e400000 ---p 00000000 00:00 0 
7f689e400000-7f689e410000 r-xp 00000000 00:229 358                       /home/runner/.cache/jdt-language-server/config/org.eclipse.equinox.launcher/org.eclipse.equinox.launcher.gtk.linux.x86_64_1.2.400.v20211117-0650/eclipse_11600.so
7f689e410000-7f689e60f000 ---p 00010000 00:229 358                       /home/runner/.cache/jdt-language-server/config/org.eclipse.equinox.launcher/org.eclipse.equinox.launcher.gtk.linux.x86_64_1.2.400.v20211117-0650/eclipse_11600.so
7f689e60f000-7f689e610000 r--p 0000f000 00:229 358                       /home/runner/.cache/jdt-language-server/config/org.eclipse.equinox.launcher/org.eclipse.equinox.launcher.gtk.linux.x86_64_1.2.400.v20211117-0650/eclipse_11600.so
7f689e610000-7f689e611000 rw-p 00010000 00:229 358                       /home/runner/.cache/jdt-language-server/config/org.eclipse.equinox.launcher/org.eclipse.equinox.launcher.gtk.linux.x86_64_1.2.400.v20211117-0650/eclipse_11600.so
7f689e700000-7f689e800000 ---p 00000000 00:00 0 
7f689e800000-7f689edaf000 r--p 01122000 00:285 4611686019135190040       /nix/store/gpxl5qgg8kicmcvivwmybwjlpf7wh20l-graalvm17-ce-22.3.0/lib/libjvmcicompiler.so
7f689edaf000-7f689ef00000 r--p 00000000 00:00 0 
7f689ef00000-7f689ef3d000 rw-p 00000000 00:00 0 
7f689ef3d000-7f689f45d000 rw-p 0185f000 00:285 4611686019135190040       /nix/store/gpxl5qgg8kicmcvivwmybwjlpf7wh20l-graalvm17-ce-22.3.0/lib/libjvmcicompiler.so
7f689f45d000-7f689f844000 r--p 01d7f000 00:285 4611686019135190040       /nix/store/gpxl5qgg8kicmcvivwmybwjlpf7wh20l-graalvm17-ce-22.3.0/lib/libjvmcicompiler.so
7f689f900000-7f689f904000 ---p 00000000 00:00 0 
7f689f904000-7f689fa00000 rw-p 00000000 00:00 0 
7f689fb00000-7f689fb04000 ---p 00000000 00:00 0 
7f689fb04000-7f689fc00000 rw-p 00000000 00:00 0 
7f689fd00000-7f689fd04000 ---p 00000000 00:00 0 
7f689fd04000-7f689fe00000 rw-p 00000000 00:00 0 
7f68a0000000-7f68a0004000 ---p 00000000 00:00 0 
7f68a0004000-7f68a0100000 rw-p 00000000 00:00 0 
7f68a0100000-7f68a0104000 ---p 00000000 00:00 0 
7f68a0104000-7f68a0200000 rw-p 00000000 00:00 0 
7f68a0300000-7f68a0304000 ---p 00000000 00:00 0 
7f68a0304000-7f68a0400000 rw-p 00000000 00:00 0 
7f68a0400000-7f68a0404000 ---p 00000000 00:00 0 
7f68a0404000-7f68a0500000 rw-p 00000000 00:00 0 
7f68a0500000-7f68a0504000 ---p 00000000 00:00 0 
7f68a0504000-7f68a0600000 rw-p 00000000 00:00 0 
7f68a0700000-7f68a0704000 ---p 00000000 00:00 0 
7f68a0704000-7f68a0800000 rw-p 00000000 00:00 0 
7f68a0800000-7f68a0804000 ---p 00000000 00:00 0 
7f68a0804000-7f68a0900000 rw-p 00000000 00:00 0 
7f68a0900000-7f68a0904000 ---p 00000000 00:00 0 
7f68a0904000-7f68a0a00000 rw-p 00000000 00:00 0 
7f68a0b00000-7f68a0b04000 ---p 00000000 00:00 0 
7f68a0b04000-7f68a0c00000 rw-p 00000000 00:00 0 
7f68a0d00000-7f68a0d04000 ---p 00000000 00:00 0 
7f68a0d04000-7f68a0e00000 rw-p 00000000 00:00 0 
7f68a0f00000-7f68a0f04000 ---p 00000000 00:00 0 
7f68a0f04000-7f68a1000000 rw-p 00000000 00:00 0 
7f68a1100000-7f68a1104000 ---p 00000000 00:00 0 
7f68a1104000-7f68a1200000 rw-p 00000000 00:00 0 
7f68a1300000-7f68a1304000 ---p 00000000 00:00 0 
7f68a1304000-7f68a1400000 rw-p 00000000 00:00 0 
7f68a1400000-7f68a1404000 ---p 00000000 00:00 0 
7f68a1404000-7f68a1500000 rw-p 00000000 00:00 0 
7f68a1500000-7f68a1504000 ---p 00000000 00:00 0 
7f68a1504000-7f68a1600000 rw-p 00000000 00:00 0 
7f68a1700000-7f68a1704000 ---p 00000000 00:00 0 
7f68a1704000-7f68a1800000 rw-p 00000000 00:00 0 
7f68a1900000-7f68a1904000 ---p 00000000 00:00 0 
7f68a1904000-7f68a1a00000 rw-p 00000000 00:00 0 
7f68a1a00000-7f68a1a04000 ---p 00000000 00:00 0 
7f68a1a04000-7f68a1b00000 rw-p 00000000 00:00 0 
7f68a1b00000-7f68a1b04000 ---p 00000000 00:00 0 
7f68a1b04000-7f68a1c00000 rw-p 00000000 00:00 0 
7f68a1c00000-7f68a3d6a000 r-xp 00000000 00:285 4611686019135190040       /nix/store/gpxl5qgg8kicmcvivwmybwjlpf7wh20l-graalvm17-ce-22.3.0/lib/libjvmcicompiler.so
7f68a3d6a000-7f68a3f69000 ---p 0216a000 00:285 4611686019135190040       /nix/store/gpxl5qgg8kicmcvivwmybwjlpf7wh20l-graalvm17-ce-22.3.0/lib/libjvmcicompiler.so
7f68a3f69000-7f68a3f6a000 r--p 02169000 00:285 4611686019135190040       /nix/store/gpxl5qgg8kicmcvivwmybwjlpf7wh20l-graalvm17-ce-22.3.0/lib/libjvmcicompiler.so
7f68a3f6a000-7f68a3f6c000 rw-p 0216a000 00:285 4611686019135190040       /nix/store/gpxl5qgg8kicmcvivwmybwjlpf7wh20l-graalvm17-ce-22.3.0/lib/libjvmcicompiler.so
7f68a3f6c000-7f68a3f6d000 rw-p 00000000 00:00 0 
7f68a3f6d000-7f68a3f72000 rw-p 023c3000 00:285 4611686019135190040       /nix/store/gpxl5qgg8kicmcvivwmybwjlpf7wh20l-graalvm17-ce-22.3.0/lib/libjvmcicompiler.so
7f68a4000000-7f68a4021000 rw-p 00000000 00:00 0 
7f68a4021000-7f68a8000000 ---p 00000000 00:00 0 
7f68a8000000-7f68a8021000 rw-p 00000000 00:00 0 
7f68a8021000-7f68ac000000 ---p 00000000 00:00 0 
7f68ac000000-7f68ac041000 rw-p 00000000 00:00 0 
7f68ac041000-7f68b0000000 ---p 00000000 00:00 0 
7f68b0000000-7f68b0021000 rw-p 00000000 00:00 0 
7f68b0021000-7f68b4000000 ---p 00000000 00:00 0 
7f68b4000000-7f68b40ca000 rw-p 00000000 00:00 0 
7f68b40ca000-7f68b8000000 ---p 00000000 00:00 0 
7f68b8000000-7f68b8b7e000 rw-p 00000000 00:00 0 
7f68b8b7e000-7f68bc000000 ---p 00000000 00:00 0 
7f68bc000000-7f68bc021000 rw-p 00000000 00:00 0 
7f68bc021000-7f68c0000000 ---p 00000000 00:00 0 
7f68c0000000-7f68c0021000 rw-p 00000000 00:00 0 
7f68c0021000-7f68c4000000 ---p 00000000 00:00 0 
7f68c4000000-7f68c4021000 rw-p 00000000 00:00 0 
7f68c4021000-7f68c8000000 ---p 00000000 00:00 0 
7f68c8000000-7f68c8021000 rw-p 00000000 00:00 0 
7f68c8021000-7f68cc000000 ---p 00000000 00:00 0 
7f68cc000000-7f68cc021000 rw-p 00000000 00:00 0 
7f68cc021000-7f68d0000000 ---p 00000000 00:00 0 
7f68d0000000-7f68d0021000 rw-p 00000000 00:00 0 
7f68d0021000-7f68d4000000 ---p 00000000 00:00 0 
7f68d4000000-7f68d4127000 rw-p 00000000 00:00 0 
7f68d4127000-7f68d8004000 ---p 00000000 00:00 0 
7f68d8004000-7f68d8100000 rw-p 00000000 00:00 0 
7f68d8100000-7f68d8104000 ---p 00000000 00:00 0 
7f68d8104000-7f68d8200000 rw-p 00000000 00:00 0 
7f68d8f68000-7f68d9400000 rw-p 00000000 00:00 0 
7f68d9418000-7f68d9419000 ---p 00000000 00:00 0 
7f68d9419000-7f68d951a000 rw-p 00000000 00:00 0 
7f68d951a000-7f68d951e000 ---p 00000000 00:00 0 
7f68d951e000-7f68d961a000 rw-p 00000000 00:00 0 
7f68d961a000-7f68d961e000 ---p 00000000 00:00 0 
7f68d961e000-7f68d971a000 rw-p 00000000 00:00 0 
7f68d971a000-7f68d971e000 ---p 00000000 00:00 0 
7f68d971e000-7f68d981a000 rw-p 00000000 00:00 0 
7f68d981a000-7f68d981e000 ---p 00000000 00:00 0 
7f68d981e000-7f68d9a1a000 rw-p 00000000 00:00 0 
7f68d9a1a000-7f68d9a1e000 ---p 00000000 00:00 0 
7f68d9a1e000-7f68d9c1a000 rw-p 00000000 00:00 0 
7f68d9c1a000-7f68d9c1e000 ---p 00000000 00:00 0 
7f68d9c1e000-7f68d9d1a000 rw-p 00000000 00:00 0 
7f68d9d1a000-7f68d9d1e000 ---p 00000000 00:00 0 
7f68d9d1e000-7f68d9e1a000 rw-p 00000000 00:00 0 
7f68d9e1a000-7f68d9e1e000 ---p 00000000 00:00 0 
7f68d9e1e000-7f68d9f1a000 rw-p 00000000 00:00 0 
7f68d9f1a000-7f68da200000 r--p 00000000 00:17c5 28444448                 /usr/lib/locale/locale-archive
7f68da200000-7f68da204000 ---p 00000000 00:00 0 
7f68da204000-7f68da300000 rw-p 00000000 00:00 0 
7f68da300000-7f68da304000 ---p 00000000 00:00 0 
7f68da304000-7f68da800000 rw-p 00000000 00:00 0 
7f68da800000-7f68dab00000 rw-p 00000000 00:00 0 
7f68dab00000-7f68dac00000 rw-p 00000000 00:00 0 
7f68dac73000-7f68dac75000 r-xp 00000000 00:285 4611686019135190017       /nix/store/gpxl5qgg8kicmcvivwmybwjlpf7wh20l-graalvm17-ce-22.3.0/lib/libextnet.so
7f68dac75000-7f68dac76000 r--p 00001000 00:285 4611686019135190017       /nix/store/gpxl5qgg8kicmcvivwmybwjlpf7wh20l-graalvm17-ce-22.3.0/lib/libextnet.so
7f68dac76000-7f68dac77000 rw-p 00002000 00:285 4611686019135190017       /nix/store/gpxl5qgg8kicmcvivwmybwjlpf7wh20l-graalvm17-ce-22.3.0/lib/libextnet.so
7f68dac77000-7f68dac78000 rw-p 00004000 00:285 4611686019135190017       /nix/store/gpxl5qgg8kicmcvivwmybwjlpf7wh20l-graalvm17-ce-22.3.0/lib/libextnet.so
7f68dac78000-7f68dac7c000 ---p 00000000 00:00 0 
7f68dac7c000-7f68dac9a000 rw-p 00000000 00:00 0 
7f68dac9a000-7f68daca1000 r-xp 00000000 00:285 4611686019135192580       /nix/store/gpxl5qgg8kicmcvivwmybwjlpf7wh20l-graalvm17-ce-22.3.0/lib/libzip.so
7f68daca1000-7f68daca2000 ---p 00007000 00:285 4611686019135192580       /nix/store/gpxl5qgg8kicmcvivwmybwjlpf7wh20l-graalvm17-ce-22.3.0/lib/libzip.so
7f68daca2000-7f68daca3000 r--p 00007000 00:285 4611686019135192580       /nix/store/gpxl5qgg8kicmcvivwmybwjlpf7wh20l-graalvm17-ce-22.3.0/lib/libzip.so
7f68daca3000-7f68daca4000 rw-p 00008000 00:285 4611686019135192580       /nix/store/gpxl5qgg8kicmcvivwmybwjlpf7wh20l-graalvm17-ce-22.3.0/lib/libzip.so
7f68daca4000-7f68daca6000 rw-p 0000b000 00:285 4611686019135192580       /nix/store/gpxl5qgg8kicmcvivwmybwjlpf7wh20l-graalvm17-ce-22.3.0/lib/libzip.so
7f68daca6000-7f68dacbb000 r-xp 00000000 00:285 4611686019135192570       /nix/store/gpxl5qgg8kicmcvivwmybwjlpf7wh20l-graalvm17-ce-22.3.0/lib/libnet.so
7f68dacbb000-7f68dacbc000 ---p 00015000 00:285 4611686019135192570       /nix/store/gpxl5qgg8kicmcvivwmybwjlpf7wh20l-graalvm17-ce-22.3.0/lib/libnet.so
7f68dacbc000-7f68dacbd000 r--p 00015000 00:285 4611686019135192570       /nix/store/gpxl5qgg8kicmcvivwmybwjlpf7wh20l-graalvm17-ce-22.3.0/lib/libnet.so
7f68dacbd000-7f68dacbe000 rw-p 00016000 00:285 4611686019135192570       /nix/store/gpxl5qgg8kicmcvivwmybwjlpf7wh20l-graalvm17-ce-22.3.0/lib/libnet.so
7f68dacbe000-7f68dacc1000 rw-p 0001b000 00:285 4611686019135192570       /nix/store/gpxl5qgg8kicmcvivwmybwjlpf7wh20l-graalvm17-ce-22.3.0/lib/libnet.so
7f68dacc1000-7f68dacd4000 r-xp 00000000 00:285 4611686019135192571       /nix/store/gpxl5qgg8kicmcvivwmybwjlpf7wh20l-graalvm17-ce-22.3.0/lib/libnio.so
7f68dacd4000-7f68dacd5000 r--p 00012000 00:285 4611686019135192571       /nix/store/gpxl5qgg8kicmcvivwmybwjlpf7wh20l-graalvm17-ce-22.3.0/lib/libnio.so
7f68dacd5000-7f68dacd6000 rw-p 00013000 00:285 4611686019135192571       /nix/store/gpxl5qgg8kicmcvivwmybwjlpf7wh20l-graalvm17-ce-22.3.0/lib/libnio.so
7f68dacd6000-7f68dacdb000 rw-p 00019000 00:285 4611686019135192571       /nix/store/gpxl5qgg8kicmcvivwmybwjlpf7wh20l-graalvm17-ce-22.3.0/lib/libnio.so
7f68dacdb000-7f68dacdc000 ---p 00000000 00:00 0 
7f68dacdc000-7f68daddd000 rw-p 00000000 00:00 0 
7f68daddd000-7f68daeab000 r-xp 00000000 00:285 4611686019135190036       /nix/store/gpxl5qgg8kicmcvivwmybwjlpf7wh20l-graalvm17-ce-22.3.0/lib/libjsvml.so
7f68daeab000-7f68daeac000 r--p 000cd000 00:285 4611686019135190036       /nix/store/gpxl5qgg8kicmcvivwmybwjlpf7wh20l-graalvm17-ce-22.3.0/lib/libjsvml.so
7f68daeac000-7f68daead000 rw-p 000ce000 00:285 4611686019135190036       /nix/store/gpxl5qgg8kicmcvivwmybwjlpf7wh20l-graalvm17-ce-22.3.0/lib/libjsvml.so
7f68daead000-7f68db4b3000 rw-p 00000000 00:00 0 
7f68db4b3000-7f68db723000 rwxp 00000000 00:00 0 
7f68db723000-7f68dba42000 ---p 00000000 00:00 0 
7f68dba42000-7f68dca92000 rwxp 00000000 00:00 0 
7f68dca92000-7f68e2f7a000 ---p 00000000 00:00 0 
7f68e2f7a000-7f68e31ea000 rwxp 00000000 00:00 0 
7f68e31ea000-7f68ea4b3000 ---p 00000000 00:00 0 
7f68ea4b3000-7f68f4000000 r--s 00000000 00:285 4611686019135192581       /nix/store/gpxl5qgg8kicmcvivwmybwjlpf7wh20l-graalvm17-ce-22.3.0/lib/modules
7f68f4000000-7f68f463b000 rw-p 00000000 00:00 0 
7f68f463b000-7f68f8000000 ---p 00000000 00:00 0 
7f68f8002000-7f68f92d4000 rw-p 00000000 00:00 0 
7f68f92d4000-7f68f92d5000 ---p 00000000 00:00 0 
7f68f92d5000-7f68f9480000 rw-p 00000000 00:00 0 
7f68f9480000-7f68f9499000 rw-p 00000000 00:00 0 
7f68f9499000-7f68f94d6000 ---p 00000000 00:00 0 
7f68f94d6000-7f68f94dc000 rw-p 00000000 00:00 0 
7f68f94dc000-7f68f95c2000 ---p 00000000 00:00 0 
7f68f95c2000-7f68f95e3000 rw-p 00000000 00:00 0 
7f68f95e3000-7f68f96ad000 ---p 00000000 00:00 0 
7f68f96ad000-7f68f96b2000 rw-p 00000000 00:00 0 
7f68f96b2000-7f68f96b9000 ---p 00000000 00:00 0 
7f68f96b9000-7f68f96dd000 r-xp 00000000 00:285 4611686019135190028       /nix/store/gpxl5qgg8kicmcvivwmybwjlpf7wh20l-graalvm17-ce-22.3.0/lib/libjava.so
7f68f96dd000-7f68f96de000 ---p 00024000 00:285 4611686019135190028       /nix/store/gpxl5qgg8kicmcvivwmybwjlpf7wh20l-graalvm17-ce-22.3.0/lib/libjava.so
7f68f96de000-7f68f96df000 r--p 00024000 00:285 4611686019135190028       /nix/store/gpxl5qgg8kicmcvivwmybwjlpf7wh20l-graalvm17-ce-22.3.0/lib/libjava.so
7f68f96df000-7f68f96e0000 rw-p 00025000 00:285 4611686019135190028       /nix/store/gpxl5qgg8kicmcvivwmybwjlpf7wh20l-graalvm17-ce-22.3.0/lib/libjava.so
7f68f96e0000-7f68f96e1000 rw-p 00000000 00:00 0 
7f68f96e1000-7f68f96e8000 rw-p 0002f000 00:285 4611686019135190028       /nix/store/gpxl5qgg8kicmcvivwmybwjlpf7wh20l-graalvm17-ce-22.3.0/lib/libjava.so
7f68f96e8000-7f68f96f0000 rw-s 00000000 00:17c0 355                      /tmp/hsperfdata_runner/30
7f68f96f0000-7f68f96f1000 ---p 00000000 00:00 0 
7f68f96f1000-7f68f96f2000 r--p 00000000 00:00 0 
7f68f96f2000-7f68f96f3000 rwxp 00000000 00:00 0 
7f68f96f3000-7f68f970e000 r-xp 00000000 00:285 4611686019135190032       /nix/store/gpxl5qgg8kicmcvivwmybwjlpf7wh20l-graalvm17-ce-22.3.0/lib/libjimage.so
7f68f970e000-7f68f970f000 ---p 0001b000 00:285 4611686019135190032       /nix/store/gpxl5qgg8kicmcvivwmybwjlpf7wh20l-graalvm17-ce-22.3.0/lib/libjimage.so
7f68f970f000-7f68f9711000 r--p 0001b000 00:285 4611686019135190032       /nix/store/gpxl5qgg8kicmcvivwmybwjlpf7wh20l-graalvm17-ce-22.3.0/lib/libjimage.so
7f68f9711000-7f68f9712000 rw-p 0001d000 00:285 4611686019135190032       /nix/store/gpxl5qgg8kicmcvivwmybwjlpf7wh20l-graalvm17-ce-22.3.0/lib/libjimage.so
7f68f9712000-7f68f9713000 rw-p 00024000 00:285 4611686019135190032       /nix/store/gpxl5qgg8kicmcvivwmybwjlpf7wh20l-graalvm17-ce-22.3.0/lib/libjimage.so
7f68f9713000-7f68f9717000 ---p 00000000 00:00 0 
7f68f9717000-7f68f9813000 rw-p 00000000 00:00 0 
7f68f9813000-7f68f9821000 r--p 00000000 00:285 4611686019027979927       /nix/store/4nlgxhb09sdr51nc9hdm8az5b08vzkgx-glibc-2.35-163/lib/libm.so.6
7f68f9821000-7f68f9894000 r-xp 0000e000 00:285 4611686019027979927       /nix/store/4nlgxhb09sdr51nc9hdm8az5b08vzkgx-glibc-2.35-163/lib/libm.so.6
7f68f9894000-7f68f98f1000 r--p 00081000 00:285 4611686019027979927       /nix/store/4nlgxhb09sdr51nc9hdm8az5b08vzkgx-glibc-2.35-163/lib/libm.so.6
7f68f98f1000-7f68f98f2000 r--p 000dd000 00:285 4611686019027979927       /nix/store/4nlgxhb09sdr51nc9hdm8az5b08vzkgx-glibc-2.35-163/lib/libm.so.6
7f68f98f2000-7f68f98f3000 rw-p 000de000 00:285 4611686019027979927       /nix/store/4nlgxhb09sdr51nc9hdm8az5b08vzkgx-glibc-2.35-163/lib/libm.so.6
7f68f98f3000-7f68f98f4000 r--p 00000000 00:285 4611686019027979946       /nix/store/4nlgxhb09sdr51nc9hdm8az5b08vzkgx-glibc-2.35-163/lib/librt.so.1
7f68f98f4000-7f68f98f5000 r-xp 00001000 00:285 4611686019027979946       /nix/store/4nlgxhb09sdr51nc9hdm8az5b08vzkgx-glibc-2.35-163/lib/librt.so.1
7f68f98f5000-7f68f98f6000 r--p 00002000 00:285 4611686019027979946       /nix/store/4nlgxhb09sdr51nc9hdm8az5b08vzkgx-glibc-2.35-163/lib/librt.so.1
7f68f98f6000-7f68f98f7000 r--p 00002000 00:285 4611686019027979946       /nix/store/4nlgxhb09sdr51nc9hdm8az5b08vzkgx-glibc-2.35-163/lib/librt.so.1
7f68f98f7000-7f68f98f8000 rw-p 00003000 00:285 4611686019027979946       /nix/store/4nlgxhb09sdr51nc9hdm8az5b08vzkgx-glibc-2.35-163/lib/librt.so.1
7f68f98f8000-7f68faa0b000 r-xp 00000000 00:285 4611686019135360866       /nix/store/gpxl5qgg8kicmcvivwmybwjlpf7wh20l-graalvm17-ce-22.3.0/lib/server/libjvm.so
7f68faa0b000-7f68faa0c000 ---p 01113000 00:285 4611686019135360866       /nix/store/gpxl5qgg8kicmcvivwmybwjlpf7wh20l-graalvm17-ce-22.3.0/lib/server/libjvm.so
7f68faa0c000-7f68faac1000 r--p 01113000 00:285 4611686019135360866       /nix/store/gpxl5qgg8kicmcvivwmybwjlpf7wh20l-graalvm17-ce-22.3.0/lib/server/libjvm.so
7f68faac1000-7f68faaf5000 rw-p 011c8000 00:285 4611686019135360866       /nix/store/gpxl5qgg8kicmcvivwmybwjlpf7wh20l-graalvm17-ce-22.3.0/lib/server/libjvm.so
7f68faaf5000-7f68fab51000 rw-p 00000000 00:00 0 
7f68fab51000-7f68fab79000 r--p 00000000 00:285 4611686019027979918       /nix/store/4nlgxhb09sdr51nc9hdm8az5b08vzkgx-glibc-2.35-163/lib/libc.so.6
7f68fab79000-7f68facef000 r-xp 00028000 00:285 4611686019027979918       /nix/store/4nlgxhb09sdr51nc9hdm8az5b08vzkgx-glibc-2.35-163/lib/libc.so.6
7f68facef000-7f68fad47000 r--p 0019e000 00:285 4611686019027979918       /nix/store/4nlgxhb09sdr51nc9hdm8az5b08vzkgx-glibc-2.35-163/lib/libc.so.6
7f68fad47000-7f68fad4b000 r--p 001f6000 00:285 4611686019027979918       /nix/store/4nlgxhb09sdr51nc9hdm8az5b08vzkgx-glibc-2.35-163/lib/libc.so.6
7f68fad4b000-7f68fad4d000 rw-p 001fa000 00:285 4611686019027979918       /nix/store/4nlgxhb09sdr51nc9hdm8az5b08vzkgx-glibc-2.35-163/lib/libc.so.6
7f68fad4d000-7f68fad5c000 rw-p 00000000 00:00 0 
7f68fad5c000-7f68fad5d000 r--p 00000000 00:285 4611686019027979923       /nix/store/4nlgxhb09sdr51nc9hdm8az5b08vzkgx-glibc-2.35-163/lib/libdl.so.2
7f68fad5d000-7f68fad5e000 r-xp 00001000 00:285 4611686019027979923       /nix/store/4nlgxhb09sdr51nc9hdm8az5b08vzkgx-glibc-2.35-163/lib/libdl.so.2
7f68fad5e000-7f68fad5f000 r--p 00002000 00:285 4611686019027979923       /nix/store/4nlgxhb09sdr51nc9hdm8az5b08vzkgx-glibc-2.35-163/lib/libdl.so.2
7f68fad5f000-7f68fad60000 r--p 00002000 00:285 4611686019027979923       /nix/store/4nlgxhb09sdr51nc9hdm8az5b08vzkgx-glibc-2.35-163/lib/libdl.so.2
7f68fad60000-7f68fad61000 rw-p 00003000 00:285 4611686019027979923       /nix/store/4nlgxhb09sdr51nc9hdm8az5b08vzkgx-glibc-2.35-163/lib/libdl.so.2
7f68fad61000-7f68fad62000 r--p 00000000 00:285 4611686019027979942       /nix/store/4nlgxhb09sdr51nc9hdm8az5b08vzkgx-glibc-2.35-163/lib/libpthread.so.0
7f68fad62000-7f68fad63000 r-xp 00001000 00:285 4611686019027979942       /nix/store/4nlgxhb09sdr51nc9hdm8az5b08vzkgx-glibc-2.35-163/lib/libpthread.so.0
7f68fad63000-7f68fad64000 r--p 00002000 00:285 4611686019027979942       /nix/store/4nlgxhb09sdr51nc9hdm8az5b08vzkgx-glibc-2.35-163/lib/libpthread.so.0
7f68fad64000-7f68fad65000 r--p 00002000 00:285 4611686019027979942       /nix/store/4nlgxhb09sdr51nc9hdm8az5b08vzkgx-glibc-2.35-163/lib/libpthread.so.0
7f68fad65000-7f68fad66000 rw-p 00003000 00:285 4611686019027979942       /nix/store/4nlgxhb09sdr51nc9hdm8az5b08vzkgx-glibc-2.35-163/lib/libpthread.so.0
7f68fad66000-7f68fad74000 r-xp 00000000 00:285 4611686019135190033       /nix/store/gpxl5qgg8kicmcvivwmybwjlpf7wh20l-graalvm17-ce-22.3.0/lib/libjli.so
7f68fad74000-7f68fad75000 ---p 0000e000 00:285 4611686019135190033       /nix/store/gpxl5qgg8kicmcvivwmybwjlpf7wh20l-graalvm17-ce-22.3.0/lib/libjli.so
7f68fad75000-7f68fad76000 r--p 0000e000 00:285 4611686019135190033       /nix/store/gpxl5qgg8kicmcvivwmybwjlpf7wh20l-graalvm17-ce-22.3.0/lib/libjli.so
7f68fad76000-7f68fad77000 rw-p 0000f000 00:285 4611686019135190033       /nix/store/gpxl5qgg8kicmcvivwmybwjlpf7wh20l-graalvm17-ce-22.3.0/lib/libjli.so
7f68fad77000-7f68fad78000 rw-p 00012000 00:285 4611686019135190033       /nix/store/gpxl5qgg8kicmcvivwmybwjlpf7wh20l-graalvm17-ce-22.3.0/lib/libjli.so
7f68fad78000-7f68fad7b000 r--p 00000000 00:285 4611686019106210071       /nix/store/026hln0aq1hyshaxsdvhg0kmcm6yf45r-zlib-1.2.13/lib/libz.so.1.2.13
7f68fad7b000-7f68fad8d000 r-xp 00003000 00:285 4611686019106210071       /nix/store/026hln0aq1hyshaxsdvhg0kmcm6yf45r-zlib-1.2.13/lib/libz.so.1.2.13
7f68fad8d000-7f68fad94000 r--p 00015000 00:285 4611686019106210071       /nix/store/026hln0aq1hyshaxsdvhg0kmcm6yf45r-zlib-1.2.13/lib/libz.so.1.2.13
7f68fad94000-7f68fad95000 r--p 0001b000 00:285 4611686019106210071       /nix/store/026hln0aq1hyshaxsdvhg0kmcm6yf45r-zlib-1.2.13/lib/libz.so.1.2.13
7f68fad95000-7f68fad96000 rw-p 0001c000 00:285 4611686019106210071       /nix/store/026hln0aq1hyshaxsdvhg0kmcm6yf45r-zlib-1.2.13/lib/libz.so.1.2.13
7f68fad96000-7f68fad98000 rw-p 00000000 00:00 0 
7f68fad98000-7f68fad9a000 r--p 00000000 00:285 4611686019027979912       /nix/store/4nlgxhb09sdr51nc9hdm8az5b08vzkgx-glibc-2.35-163/lib/ld-linux-x86-64.so.2
7f68fad9a000-7f68fadc1000 r-xp 00002000 00:285 4611686019027979912       /nix/store/4nlgxhb09sdr51nc9hdm8az5b08vzkgx-glibc-2.35-163/lib/ld-linux-x86-64.so.2
7f68fadc1000-7f68fadcd000 r--p 00029000 00:285 4611686019027979912       /nix/store/4nlgxhb09sdr51nc9hdm8az5b08vzkgx-glibc-2.35-163/lib/ld-linux-x86-64.so.2
7f68fadcd000-7f68fadcf000 r--p 00034000 00:285 4611686019027979912       /nix/store/4nlgxhb09sdr51nc9hdm8az5b08vzkgx-glibc-2.35-163/lib/ld-linux-x86-64.so.2
7f68fadcf000-7f68fadd1000 rw-p 00036000 00:285 4611686019027979912       /nix/store/4nlgxhb09sdr51nc9hdm8az5b08vzkgx-glibc-2.35-163/lib/ld-linux-x86-64.so.2
7ffdacb96000-7ffdacbba000 rw-p 00000000 00:00 0                          [stack]
7ffdacbc7000-7ffdacbcb000 r--p 00000000 00:00 0                          [vvar]
7ffdacbcb000-7ffdacbcd000 r-xp 00000000 00:00 0                          [vdso]
ffffffffff600000-ffffffffff601000 --xp 00000000 00:00 0                  [vsyscall]


VM Arguments:
jvm_args: -XX:ThreadPriorityPolicy=1 -XX:+UnlockExperimentalVMOptions -XX:+EnableJVMCIProduct -XX:JVMCIThreadsPerNativeLibraryRuntime=1 -XX:-UnlockExperimentalVMOptions -Declipse.application=org.eclipse.jdt.ls.core.id1 -Dosgi.bundles.defaultStartLevel=4 -Declipse.product=org.eclipse.jdt.ls.core.product -Dlog.level=ALL -Xverify:none -XX:+UseParallelGC -XX:GCTimeRatio=4 -XX:AdaptiveSizePolicyWeight=90 -Dsun.zip.disableMemoryMapping=true -Xmx512m -Xms100m 
java_command: /nix/store/m6gcpi1ii6rghy04cjwjddcavv7i90df-jdt-language-server-1.9.0/share/java/plugins/org.eclipse.equinox.launcher_1.6.400.v20210924-0641.jar --add-modules=ALL-SYSTEM --add-opens java.base/java.util=ALL-UNNAMED --add-opens java.base/java.lang=ALL-UNNAMED -configuration /home/runner/.cache/jdt-language-server/config -data /home/runner/.cache/jdt-language-server/data/home/runner/letreco
java_class_path (initial): /nix/store/m6gcpi1ii6rghy04cjwjddcavv7i90df-jdt-language-server-1.9.0/share/java/plugins/org.eclipse.equinox.launcher_1.6.400.v20210924-0641.jar
Launcher Type: SUN_STANDARD

[Global flags]
    uintx AdaptiveSizePolicyWeight                 = 90                                        {product} {command line}
     intx CICompilerCount                          = 2                                         {product} {ergonomic}
     bool EnableJVMCIProduct                       = true                                {JVMCI product} {jimage}
    uintx GCTimeRatio                              = 4                                         {product} {command line}
   size_t InitialHeapSize                          = 104857600                                 {product} {command line}
     uint JVMCIThreadsPerNativeLibraryRuntime      = 1                                   {JVMCI product} {jimage}
   size_t MaxHeapSize                              = 536870912                                 {product} {command line}
   size_t MaxNewSize                               = 178782208                                 {product} {ergonomic}
   size_t MinHeapDeltaBytes                        = 524288                                    {product} {ergonomic}
   size_t MinHeapSize                              = 104857600                                 {product} {command line}
   size_t NewSize                                  = 34603008                                  {product} {ergonomic}
    uintx NonNMethodCodeHeapSize                   = 5826188                                {pd product} {ergonomic}
    uintx NonProfiledCodeHeapSize                  = 122916026                              {pd product} {ergonomic}
   size_t OldSize                                  = 70254592                                  {product} {ergonomic}
    uintx ProfiledCodeHeapSize                     = 122916026                              {pd product} {ergonomic}
    uintx ReservedCodeCacheSize                    = 251658240                              {pd product} {ergonomic}
     bool SegmentedCodeCache                       = true                                      {product} {ergonomic}
   size_t SoftMaxHeapSize                          = 536870912                              {manageable} {ergonomic}
     intx ThreadPriorityPolicy                     = 1                                         {product} {jimage}
     bool UseCompressedClassPointers               = true                           {product lp64_product} {ergonomic}
     bool UseCompressedOops                        = true                           {product lp64_product} {ergonomic}
     bool UseParallelGC                            = true                                      {product} {command line}

Logging:
Log output configuration:
 #0: stdout all=warning uptime,level,tags
 #1: stderr all=off uptime,level,tags

Environment Variables:
JAVA_HOME=/nix/store/gpxl5qgg8kicmcvivwmybwjlpf7wh20l-graalvm17-ce-22.3.0
PATH=/nix/store/1d6ian3r8kdzspw8hacjhl3xkp40g1lj-binutils-wrapper-2.39/bin:/nix/store/dq0xwmsk1g0i2ayg6pb7y87na2knzylh-gcc-wrapper-11.3.0/bin:/nix/store/bap4d0lpcrhpwmpb8ayjcgkmvfj62lnq-bash-interactive-5.1-p16/bin:/nix/store/pr5n59mb4jzmfx6kanwxly0l07p861fg-patchelf-0.15.0/bin:/nix/store/1gf2flfqnpqbr1b4p4qz2f72y42bs56r-gcc-11.3.0/bin:/nix/store/57xv61c5zi8pphjbcwxxjlgc34p61ic9-glibc-2.35-163-bin/bin:/nix/store/a7gvj343m05j2s32xcnwr35v31ynlypr-coreutils-9.1/bin:/nix/store/039g378vc3pc3dvi9dzdlrd0i4q93qwf-binutils-2.39/bin:/nix/store/gpxl5qgg8kicmcvivwmybwjlpf7wh20l-graalvm17-ce-22.3.0/bin:/nix/store/6z9ag3ihc8mq2hzsw48lhbznvzny65nz-apache-maven-3.8.6/bin:/nix/store/m6gcpi1ii6rghy04cjwjddcavv7i90df-jdt-language-server-1.9.0/bin:/nix/store/84xs5alhs01zrbr4ywm05kxbjbp5590l-java-debug/bin:/nix/store/mydc6f4k2z73xlcz7ilif3v2lcaiqvza-findutils-4.9.0/bin:/nix/store/j9p3g8472iijd50vhdprx0nmk2fqn5gv-diffutils-3.8/bin:/nix/store/89zs7rms6x00xfq4dq6m7mjnhkr8a6r4-gnused-4.8/bin:/nix/store/86bp03jkmsl6f92w0yzg4s59g5mhxwmy-gnugrep-3.7/bin:/nix/store/hwcdqw4jrjnd37wxqgsd47hd0j8bnj09-gawk-5.1.1/bin:/nix/store/cfbhw8r8ags41vwqaz47r583d0p4h4a1-gnutar-1.34/bin:/nix/store/p3m1ndl1lapwrlh698bnb5lvvxh67378-gzip-1.12/bin:/nix/store/a8mhcagrsly7c7mpjrpsnaahk4aax056-bzip2-1.0.8-bin/bin:/nix/store/mblgz65m3zv9x548a3d5m96fj2pbwr09-gnumake-4.3/bin:/nix/store/dsd5gz46hdbdk2rfdimqddhq6m8m8fqs-bash-5.1-p16/bin:/nix/store/v7ljksji50mg3w61dykaa3n3y79n6nil-patch-2.7.6/bin:/nix/store/zlcnmqq14jz5x9439jf937mvayyl63da-xz-5.2.7-bin/bin:/nix/store/y6aj732zm9m87c82fpvf103a1xb22blp-file-5.43/bin:/nix/store/i4kzir3m7mrisxmf5xvlnkw01x4qaqr4-prybar-elisp-0.0.0-e0d9a52/bin:/nix/store/lwwivxf6h7x3cvxp9zv8sj0mv7dak99r-prybar-lua-0.0.0-e0d9a52/bin:/nix/store/gxj28g1cg4hq3qanmjv07156h800qr58-prybar-python3-0.0.0-e0d9a52/bin:/nix/store/hshkjnxrgidigf8x75vg6lqng2xlx9i3-prybar-sqlite-0.0.0-e0d9a52/bin:/nix/store/c4w01bpjgyy5ixmwdk8m1pw87zq4sl26-prybar-tcl-0.0.0-e0d9a52/bin:/nix/store/hpbvrlwd5viqmvcaisb3x0118i913a9n-st
LD_LIBRARY_PATH=/nix/store/a4pff549sk2idnkpzk5nsfps3mdkdnvm-cups-2.4.2-lib/lib:/nix/store/72mqxxhh3cy5yifh92wh2yb8cl2hikyy-cairo-1.16.0/lib:/nix/store/2k366jrbsra97gjfxwvrhvixjfxdach5-glib-2.74.1/lib:/nix/store/2j2znigd8ak37rlwh9khz0ry3clqlw1l-gtk+3-3.24.34/lib:/nix/store/hisqvx32cd57apbpcsnkpx6k3549wql1-libglvnd-1.4.0/lib:/nix/store/p36pgcv991mq5srvg765b78yqpxvk3qs-mesa-21.3.3-drivers/lib:/nix/store/mav4251if1ahjq5vkpwycyyvnmy459c4-pulseaudio-14.2/lib
DISPLAY=:0
LANG=en_US.UTF-8

Signal Handlers:
   SIGSEGV: crash_handler in libjvm.so, mask=11100100010111111101111111111110, flags=SA_RESTART|SA_SIGINFO
    SIGBUS: crash_handler in libjvm.so, mask=11100100010111111101111111111110, flags=SA_RESTART|SA_SIGINFO
    SIGFPE: crash_handler in libjvm.so, mask=11100100010111111101111111111110, flags=SA_RESTART|SA_SIGINFO
   SIGPIPE: IsolateEnterStub_IgnoreSIGPIPEStartupHook_noopSignalHandler_8f19bff2f35b5f630d83b364d6b2339320d4ec70_216e8361c6bc87a8f89f58cc10d3b2fd4415bf87 in libjvmcicompiler.so, mask=00000000000000000000000000000000, flags=SA_RESTART
  *** Handler was modified!
  *** Expected: javaSignalHandler in libjvm.so, mask=11100100110111111111111111111110, flags=SA_RESTART|SA_SIGINFO
   SIGXFSZ: javaSignalHandler in libjvm.so, mask=11100100010111111101111111111110, flags=SA_RESTART|SA_SIGINFO
    SIGILL: crash_handler in libjvm.so, mask=11100100010111111101111111111110, flags=SA_RESTART|SA_SIGINFO
   SIGUSR2: SR_handler in libjvm.so, mask=00000000000000000000000000000000, flags=SA_RESTART|SA_SIGINFO
    SIGHUP: UserHandler in libjvm.so, mask=11100100010111111101111111111110, flags=SA_RESTART|SA_SIGINFO
    SIGINT: UserHandler in libjvm.so, mask=11100100010111111101111111111110, flags=SA_RESTART|SA_SIGINFO
   SIGTERM: UserHandler in libjvm.so, mask=11100100010111111101111111111110, flags=SA_RESTART|SA_SIGINFO
   SIGQUIT: UserHandler in libjvm.so, mask=11100100010111111101111111111110, flags=SA_RESTART|SA_SIGINFO
  *** Handler was modified!
  *** Expected: javaSignalHandler in libjvm.so, mask=11100100110111111111111111111110, flags=SA_RESTART|SA_SIGINFO
   SIGTRAP: crash_handler in libjvm.so, mask=11100100010111111101111111111110, flags=SA_RESTART|SA_SIGINFO


---------------  S Y S T E M  ---------------

OS:
DISTRIB_ID=Ubuntu
DISTRIB_RELEASE=20.04
DISTRIB_CODENAME=focal
DISTRIB_DESCRIPTION="Ubuntu 20.04.2 LTS"
uname: Linux 5.19.0-1027-gcp #29~22.04.1-Ubuntu SMP Thu Jun 22 05:13:17 UTC 2023 x86_64
OS uptime: 0 days 15:54 hours
libc: glibc 2.35 NPTL 2.35 
rlimit (soft/hard): STACK 8192k/infinity , CORE infinity/infinity , NPROC infinity/infinity , NOFILE 5242/5242 , AS infinity/infinity , CPU infinity/infinity , DATA infinity/infinity , FSIZE infinity/infinity , MEMLOCK 8192k/8192k
load average: 16.23 15.84 15.05

/proc/meminfo:
MemTotal:       65839948 kB
MemFree:         1943568 kB
MemAvailable:   30038092 kB
Buffers:         2219612 kB
Cached:         24085244 kB
SwapCached:            0 kB
Active:         12772952 kB
Inactive:       47273500 kB
Active(anon):      18004 kB
Inactive(anon): 33153444 kB
Active(file):   12754948 kB
Inactive(file): 14120056 kB
Unevictable:       29524 kB
Mlocked:           29524 kB
SwapTotal:             0 kB
SwapFree:              0 kB
Zswap:                 0 kB
Zswapped:              0 kB
Dirty:              7720 kB
Writeback:           140 kB
AnonPages:      30169548 kB
Mapped:          1726596 kB
Shmem:             23692 kB
KReclaimable:    1946232 kB
Slab:            2784732 kB
SReclaimable:    1946232 kB
SUnreclaim:       838500 kB
KernelStack:      255604 kB
PageTables:       321580 kB
NFS_Unstable:          0 kB
Bounce:                0 kB
WritebackTmp:          0 kB
CommitLimit:    32919972 kB
Committed_AS:   106745828 kB
VmallocTotal:   34359738367 kB
VmallocUsed:      298448 kB
VmallocChunk:          0 kB
Percpu:            45344 kB
HardwareCorrupted:     0 kB
AnonHugePages:   4886528 kB
ShmemHugePages:        0 kB
ShmemPmdMapped:        0 kB
FileHugePages:         0 kB
FilePmdMapped:         0 kB
HugePages_Total:       0
HugePages_Free:        0
HugePages_Rsvd:        0
HugePages_Surp:        0
Hugepagesize:       2048 kB
Hugetlb:               0 kB
DirectMap4k:    10431288 kB
DirectMap2M:    55625728 kB
DirectMap1G:     3145728 kB

/sys/kernel/mm/transparent_hugepage/enabled: always [madvise] never
/sys/kernel/mm/transparent_hugepage/defrag (defrag/compaction efforts parameter): always defer defer+madvise [madvise] never

Process Memory:
Virtual Size: 4921432K (peak: 5008188K)
Resident Set Size: 738468K (peak: 779484K) (anon: 551336K, file: 187132K, shmem: 0K)
Swapped out: 0K
C-Heap outstanding allocations: 43897K, retained: 18262K
glibc malloc tunables: (default)

/proc/sys/kernel/threads-max (system-wide limit on the number of threads): 514310
/proc/sys/vm/max_map_count (maximum number of memory map areas a process may have): 65530
/proc/sys/kernel/pid_max (system-wide limit on number of process identifiers): 4194304

container (cgroup) information:
container_type: cgroupv1
cpu_cpuset_cpus: 2-7
cpu_memory_nodes: 0
active_processor_count: 1
cpu_quota: 50000
cpu_period: 100000
cpu_shares: 512
memory_limit_in_bytes: 1048576 k
memory_and_swap_limit_in_bytes: 1048576 k
memory_soft_limit_in_bytes: 524288 k
memory_usage_in_bytes: 622996 k
memory_max_usage_in_bytes: 661716 k
maximum number of tasks: 1000
current number of tasks: 64

KVM virtualization detected
Steal ticks since vm start: 0
Steal ticks percentage since vm start:  0.000

CPU: total 8 (initial active 1) (8 cores per cpu, 2 threads per core) family 23 model 49 stepping 0 microcode 0xffffffff, cx8, cmov, fxsr, ht, mmx, 3dnowpref, sse, sse2, sse3, ssse3, sse4a, sse4.1, sse4.2, popcnt, lzcnt, tsc, tscinvbit, avx, avx2, aes, clmul, bmi1, bmi2, adx, sha, fma, vzeroupper, clflush, clflushopt, hv
CPU Model and flags from /proc/cpuinfo:
model name	: AMD EPYC 7B12
flags		: fpu vme de pse tsc msr pae mce cx8 apic sep mtrr pge mca cmov pat pse36 clflush mmx fxsr sse sse2 ht syscall nx mmxext fxsr_opt pdpe1gb rdtscp lm constant_tsc rep_good nopl nonstop_tsc cpuid extd_apicid tsc_known_freq pni pclmulqdq ssse3 fma cx16 sse4_1 sse4_2 movbe popcnt aes xsave avx f16c rdrand hypervisor lahf_lm cmp_legacy cr8_legacy abm sse4a misalignsse 3dnowprefetch osvw topoext ssbd ibrs ibpb stibp vmmcall fsgsbase tsc_adjust bmi1 avx2 smep bmi2 rdseed adx smap clflushopt clwb sha_ni xsaveopt xsavec xgetbv1 clzero xsaveerptr arat npt nrip_save umip rdpid

Online cpus: 0-7
Offline cpus: 
BIOS frequency limitation: <Not Available>
Frequency switch latency (ns): <Not Available>
Available cpu frequencies: <Not Available>
Current governor: <Not Available>
Core performance/turbo boost: <Not Available>

Memory: 4k page, physical 1048576k(425568k free), swap 0k(0k free)
Page Sizes: 4k

vm_info: OpenJDK 64-Bit Server VM (17.0.5+8-jvmci-22.3-b08) for linux-amd64 JRE (17.0.5+8-jvmci-22.3-b08), built on Oct 19 2022 09:01:27 by "buildslave" with gcc 10.3.0

END.
